 => Beginning of run.
Sending build context to Docker daemon 4.096 kB
Step 1/29 : FROM node:6
 ---> 7ffdb22c6e57
Step 2/29 : RUN npm cache clean
 ---> Using cache
 ---> 0e15eaf9dd54
Step 3/29 : RUN echo $NODE_PATH
 ---> Using cache
 ---> 65181f9391e4
Step 4/29 : RUN apt-get update &&       apt-get -y install sudo
 ---> Using cache
 ---> 0e776f7ab95b
Step 5/29 : RUN npm cache clean
 ---> Using cache
 ---> 63ce2e6c1789
Step 6/29 : RUN chmod -R 777 $(npm root -g)
 ---> Using cache
 ---> 0e8e82d9eda2
Step 7/29 : RUN sudo apt-get -y upgrade
 ---> Using cache
 ---> 550718fe0016
Step 8/29 : RUN sudo apt-get install -y sqlite3 libsqlite3-dev
 ---> Using cache
 ---> 77d3114fbbc5
Step 9/29 : RUN sudo echo "newuser ALL=(ALL) NOPASSWD: ALL" >> /etc/sudoers
 ---> Using cache
 ---> 18a1b627e0c5
Step 10/29 : RUN useradd -ms /bin/bash newuser && echo "newuser:newuser" | chpasswd && adduser newuser sudo
 ---> Using cache
 ---> cbfa3def9bec
Step 11/29 : USER newuser
 ---> Using cache
 ---> 0676eb289b6a
Step 12/29 : WORKDIR /home/newuser
 ---> Using cache
 ---> 8fa41a36ab97
Step 13/29 : RUN sudo chown -R $(whoami) $(npm config get prefix) || echo "no lib 1"
 ---> Using cache
 ---> f4edecf38da6
Step 14/29 : RUN sudo chown -R $(whoami) $(npm root -g) || echo "no lib 2"
 ---> Using cache
 ---> a216053f5c9e
Step 15/29 : RUN npm config --global set color false
 ---> Using cache
 ---> 3c3c48e9604f
Step 16/29 : RUN npm config --global set progress=false
 ---> Using cache
 ---> 4566f82f1811
Step 17/29 : RUN npm config --global set loglevel=warn
 ---> Using cache
 ---> 58ee2e3ddd67
Step 18/29 : RUN npm set color false
 ---> Using cache
 ---> 236bef575bec
Step 19/29 : RUN npm set progress=false
 ---> Using cache
 ---> ba5cc397a440
Step 20/29 : RUN npm set loglevel=warn
 ---> Using cache
 ---> c210fde2ff30
Step 21/29 : RUN echo "installing suman globally...7"
 ---> Using cache
 ---> 7abe7bedeef0
Step 22/29 : RUN npm install -g suman@latest
 ---> Using cache
 ---> 713e04a84bc3
Step 23/29 : RUN echo "done installing suman globally1"
 ---> Using cache
 ---> 1ca917ce59b9
Step 24/29 : RUN echo "done installing suman globally6"
 ---> Running in 307d6f952aa6
done installing suman globally6
 ---> ab46204a5bf1
Removing intermediate container 307d6f952aa6
Step 25/29 : RUN git clone https://github.com/ORESoftware/npm-link-up.git
 ---> Running in e35d62e79f91
[91mCloning into 'npm-link-up'...
[0m ---> 02728be0493f
Removing intermediate container e35d62e79f91
Step 26/29 : WORKDIR /home/newuser/npm-link-up
 ---> c3502b718ced
Removing intermediate container 537c30855f6b
Step 27/29 : RUN npm install  --no-optional --log-level=warn --silent > /dev/null 2>&1
 ---> Running in eefc46d2ce58
 ---> 189bf0916cda
Removing intermediate container eefc46d2ce58
Step 28/29 : COPY all.sh .
 ---> 73c3695873c8
Removing intermediate container e1a9ecaa99e6
Step 29/29 : ENTRYPOINT /bin/bash /home/newuser/npm-link-up/all.sh
 ---> Running in 7ecdf9d925dd
 ---> d65b17fcf7d2
Removing intermediate container 7ecdf9d925dd
Successfully built d65b17fcf7d2
 => Original path of Suman executable => "/usr/local/bin/suman"
 => No local Suman executable could be found, given the current directory => /home/newuser/npm-link-up
 => Attempting to run installed version of Suman here => '/usr/local/lib/node_modules/suman/cli.js'
npm info it worked if it ends with ok
npm info using npm@3.10.10
npm info using node@v6.10.2
npm info ok 
 => [suman] =>  Resolved path of Suman executable => "/usr/local/lib/node_modules/suman/cli.js"
 => [suman] =>  Node.js version: v6.10.2
 => [suman] =>  Suman v1.1.512238 running...
 => [suman] =>  [pid] =>  33
 => [suman] =>   => cwd: /home/newuser/npm-link-up
 => Suman message => note that Suman is not installed locally, you may wish to run "$ suman --init"
 => Suman verbose message => note that "suman-server" package is not yet installed.
 => [suman] =>  Using native/std reporter
 => [suman] =>  User args will be passed to child processes as process.argv
 => [suman] =>  Suman considers these to be runnable files/directories => 
	 =>  test/src/all.test.js



  Suman will attempt to execute test files with/within the following paths: 

	 1 => "/home/newuser/npm-link-up/test/src/all.test.js"



   => Suman verbose message => Suman will execute test files from the following locations: 
 [ '/home/newuser/npm-link-up/test/src/all.test.js' ] 



	  _   _ _  _  _   .. _/__   __/_
	_\/_// / //_|/ / ..  / /_'_\ /  

 

 => Suman warning => Suman will continue optimistically, but cannot require dependency with name => "$data"
 => [suman] =>  verbosity level =>  5
 => [suman] =>  (suman.once.pre.js) => Beginning to source dep with key => 'clone all repos'
 => [suman] =>  (suman.once.pre.js) => Beginning to source dep with key => 'npm init'
 => [suman] =>  (suman.once.pre.js) => Beginning to source dep with key => 'rimraf'
 => [suman] =>  (suman.once.pre.js) => Beginning to source dep with key => 'mkdirp'
rimraf v =>  {}
 => [suman] =>  suman.once.pre.js => Finished sourcing dep with key = "rimraf"


mkdirp v =>  { rimraf: undefined }
 => [suman] =>  suman.once.pre.js => Finished sourcing dep with key = "mkdirp"


npm init v =>  { rimraf: undefined, mkdirp: '/home/newuser/.npmlinkup' }
npm info it worked if it ends with ok
npm info using npm@3.10.10
npm info using node@v6.10.2
npm WARN using --force I sure hope you know what you are doing.
npm info init written successfully
npm info ok 
 => [suman] =>  suman.once.pre.js => Finished sourcing dep with key = "npm init"


clone all repos v =>  { 'npm init': null }
Cloning into 'suman'...
Cloning into 'suman-utils'...
Cloning into 'suman-events'...
Cloning into 'suman-watch'...
Cloning into 'pragmatik'...
Cloning into 'residence'...
 => [suman] =>  suman.once.pre.js => Finished sourcing dep with key = "clone all repos"


 => [suman] =>  Finished with suman.once.pre.js dependencies.


 => [suman] =>  warning => [suman.ioc injector] => Suman will continue optimistically, but cannot require dependency with name => "data"


starting npmlinkup...
 => [npm-link-up] =>  warning, the following item was listed in your npm-link-up.json file,
but is not listed in your package.json dependencies => "suman-d".

 => NPM Link Up will ignore paths that match any of the following => 
 => [npm-link-up] =>  ignored => /\/node_modules\//
 => [npm-link-up] =>  ignored => /\/.git\//
 => [npm-link-up] =>  ignored => /\/.idea\//
 => [npm-link-up] =>  ignored => /\/bower_components\//


 => [npm-link-up] =>  The following dep will be NPM link'ed to this project => "pragmatik".
 => [npm-link-up] =>  The following dep will be NPM link'ed to this project => "residence".
 => [npm-link-up] =>  The following dep will be NPM link'ed to this project => "suman-watch".
 => [npm-link-up] =>  The following dep will be NPM link'ed to this project => "suman-d".
 => [npm-link-up] =>  The following dep will be NPM link'ed to this project => "suman-utils".
 => [npm-link-up] =>  The following dep will be NPM link'ed to this project => "suman-events".
 => [npm-link-up] =>  The following dep will be NPM link'ed to this project => "suman-debug".
 => [npm-link-up] =>  The following dep will be NPM link'ed to this project => "suman-browser-polyfills".




 => [npm-link-up] =>  Searching these roots => 
 [ '/home/newuser/.npmlinkup/test' ]
 => [npm-link-up] =>  => Map => 
 { residence: 
   { name: 'residence',
     hasNPMLinkUpJSONFile: false,
     linkToItself: false,
     runInstall: true,
     hasAtLinkSh: false,
     path: '/home/newuser/.npmlinkup/test/residence',
     deps: [] },
  pragmatik: 
   { name: 'pragmatik',
     hasNPMLinkUpJSONFile: true,
     linkToItself: true,
     runInstall: true,
     hasAtLinkSh: true,
     path: '/home/newuser/.npmlinkup/test/pragmatik',
     deps: [ 'suman-browser-polyfills' ] },
  'suman-events': 
   { name: 'suman-events',
     hasNPMLinkUpJSONFile: false,
     linkToItself: false,
     runInstall: true,
     hasAtLinkSh: true,
     path: '/home/newuser/.npmlinkup/test/suman-events',
     deps: [] },
  suman: 
   { name: 'suman',
     hasNPMLinkUpJSONFile: true,
     linkToItself: true,
     runInstall: true,
     hasAtLinkSh: false,
     path: '/home/newuser/.npmlinkup/test/suman',
     deps: 
      [ 'pragmatik',
        'residence',
        'suman-watch',
        'suman-d',
        'suman-utils',
        'suman-events',
        'suman-debug',
        'suman-browser-polyfills',
        'suman' ] },
  'suman-watch': 
   { name: 'suman-watch',
     hasNPMLinkUpJSONFile: true,
     linkToItself: true,
     runInstall: true,
     hasAtLinkSh: false,
     path: '/home/newuser/.npmlinkup/test/suman-watch',
     deps: 
      [ 'residence',
        'suman-utils',
        'suman-events',
        'suman-debug',
        'suman',
        'suman-browser-polyfills' ] },
  'suman-utils': 
   { name: 'suman-utils',
     hasNPMLinkUpJSONFile: false,
     linkToItself: false,
     runInstall: true,
     hasAtLinkSh: true,
     path: '/home/newuser/.npmlinkup/test/suman-utils',
     deps: [] } }


 => [npm-link-up] =>  there is no dependency named suman-debug in the map.
 => [npm-link-up] =>  there is no dependency named suman-browser-polyfills in the map.
 => [npm-link-up] =>  Processing dep with name =>  suman-utils
 => [npm-link-up] =>  Script is =>  cd /home/newuser/.npmlinkup/test/suman-utils && rm -rf node_modules && npm install --no-optional --log-level=warn --silent && npm link


 >>> Beginning of "suman-utils"... >>> Running script => "cd /home/newuser/.npmlinkup/test/suman-utils && rm -rf node_modules && npm install --no-optional --log-level=warn --silent && npm link"... => Suman postinstall routine running in the foreground... => Suman postinstall script succeeded after 53.462 seconds. => Suman => all done with postinstall routine.  suman-utils@0.0.73111 /home/newuser/.npmlinkup/test/suman-utils+-- @types/async@2.0.40 +-- @types/core-js@0.9.41 +-- @types/immutable@3.8.7 | `-- immutable@3.8.1 +-- @types/node@7.0.32 +-- @types/whatwg-fetch@0.0.33 | `-- @types/whatwg-streams@0.0.3 +-- async@2.4.1 | `-- lodash@4.17.4 +-- colors@1.1.2 +-- mkdirp@0.5.1 | `-- minimist@0.0.8 +-- node-check-fast@0.0.1008 | +-- dashdash@1.14.1 | | `-- assert-plus@1.0.0 | `-- lodash.flattendeep@4.4.0 +-- residence@0.0.205 +-- rimraf@2.6.1 | `-- glob@7.1.2 |   +-- fs.realpath@1.0.0 |   +-- inflight@1.0.6 |   | `-- wrappy@1.0.2 |   +-- inherits@2.0.3 |   +-- minimatch@3.0.4 |   | `-- brace-expansion@1.1.8 |   |   +-- balanced-match@1.0.0 |   |   `-- concat-map@0.0.1 |   +-- once@1.4.0 |   `-- path-is-absolute@1.0.1 +-- rxjs@5.4.1 | `-- symbol-observable@1.0.4 +-- suman@1.1.512238 | +-- ansi-256-colors@1.1.0 | +-- ascii-table@0.0.9 | +-- builtin-modules@1.1.1 | +-- camelcase@4.1.0 | +-- chai@4.0.2 | | +-- assertion-error@1.0.2 | | +-- check-error@1.0.2 | | +-- deep-eql@2.0.2 | | | `-- type-detect@3.0.0 | | +-- get-func-name@2.0.0 | | +-- pathval@1.1.0 | | `-- type-detect@4.0.3 | +-- chmodr@1.0.2 | +-- du@0.1.0 | | `-- async@0.1.22 | +-- function-arguments@1.0.8 | +-- lockfile@1.0.3 | +-- lodash.flatten@4.4.0 | +-- lodash.includes@4.3.0 | +-- lodash.intersection@4.4.0 | +-- lodash.mapvalues@4.6.0 | +-- lodash.merge@4.6.0 | +-- lodash.shuffle@4.2.0 | +-- lodash.sortby@4.7.0 | +-- lodash.uniq@4.5.0 | +-- lodash.uniqby@4.7.0 | +-- make-beep@0.0.1 | | `-- minimist@1.2.0 | +-- pragmatik@0.0.407 | | `-- debug@2.6.8 | |   `-- ms@2.0.0 | +-- progress@2.0.0 | +-- replacestream@4.0.2 | | +-- escape-string-regexp@1.0.5 | | +-- object-assign@4.1.1 | | `-- readable-stream@2.3.2 | |   +-- core-util-is@1.0.2 | |   +-- isarray@1.0.0 | |   +-- process-nextick-args@1.0.7 | |   +-- string_decoder@1.0.3 | |   `-- util-deprecate@1.0.2 | +-- request@2.81.0 | | +-- aws-sign2@0.6.0 | | +-- aws4@1.6.0 | | +-- caseless@0.12.0 | | +-- combined-stream@1.0.5 | | | `-- delayed-stream@1.0.0 | | +-- extend@3.0.1 | | +-- forever-agent@0.6.1 | | +-- form-data@2.1.4 | | | `-- asynckit@0.4.0 | | +-- har-validator@4.2.1 | | | +-- ajv@4.11.8 | | | | +-- co@4.6.0 | | | | `-- json-stable-stringify@1.0.1 | | | |   `-- jsonify@0.0.0 | | | `-- har-schema@1.0.5 | | +-- hawk@3.1.3 | | | +-- boom@2.10.1 | | | +-- cryptiles@2.0.5 | | | +-- hoek@2.16.3 | | | `-- sntp@1.0.9 | | +-- http-signature@1.1.1 | | | +-- assert-plus@0.2.0 | | | +-- jsprim@1.4.0 | | | | +-- extsprintf@1.0.2 | | | | +-- json-schema@0.2.3 | | | | `-- verror@1.3.6 | | | `-- sshpk@1.13.1 | | |   +-- asn1@0.2.3 | | |   `-- getpass@0.1.7 | | +-- is-typedarray@1.0.0 | | +-- isstream@0.1.2 | | +-- json-stringify-safe@5.0.1 | | +-- mime-types@2.1.15 | | | `-- mime-db@1.27.0 | | +-- oauth-sign@0.8.2 | | +-- performance-now@0.2.0 | | +-- qs@6.4.0 | | +-- safe-buffer@5.1.1 | | +-- stringstream@0.0.5 | | +-- tough-cookie@2.3.2 | | | `-- punycode@1.4.1 | | `-- tunnel-agent@0.6.0 | +-- require-from-string@1.2.1 | +-- semver@5.3.0 | +-- siamese@2.0.4 | +-- socket.io@2.0.3 | | +-- engine.io@3.1.0 | | | +-- accepts@1.3.3 | | | | `-- negotiator@0.6.1 | | | +-- base64id@1.0.0 | | | +-- cookie@0.3.1 | | | `-- engine.io-parser@2.1.1 | | |   +-- after@0.8.2 | | |   +-- arraybuffer.slice@0.0.6 | | |   `-- blob@0.0.4 | | +-- socket.io-adapter@1.1.0 | | | `-- debug@2.3.3 | | |   `-- ms@0.7.2 | | `-- socket.io-parser@3.1.2 | |   +-- has-binary2@1.0.2 | |   | `-- isarray@2.0.1 | |   `-- isarray@2.0.1 | +-- socket.io-client@2.0.3 | | +-- backo2@1.0.2 | | +-- base64-arraybuffer@0.1.5 | | +-- component-bind@1.0.0 | | +-- component-emitter@1.2.1 | | +-- engine.io-client@3.1.1 | | | +-- component-inherit@0.0.3 | | | +-- parsejson@0.0.3 | | | +-- xmlhttprequest-ssl@1.5.3 | | | `-- yeast@0.1.2 | | +-- has-cors@1.1.0 | | +-- indexof@0.0.1 | | +-- object-component@0.0.3 | | +-- parseqs@0.0.5 | | | `-- better-assert@1.0.2 | | |   `-- callsite@1.0.0 | | +-- parseuri@0.0.5 | | `-- to-array@0.1.4 | +-- suman-events@0.0.110 | | `-- suman-browser-polyfills@0.0.1002 | +-- suman-utils@0.0.73111 | +-- tap-parser@5.4.0 | | +-- events-to-array@1.1.2 | | `-- js-yaml@3.8.4 | |   +-- argparse@1.0.9 | |   | `-- sprintf-js@1.0.3 | |   `-- esprima@3.1.3 | +-- tcp-ping@0.1.1 | +-- tsc-multi-watch@0.0.1001 | | `-- residence@0.0.203 | +-- underscore@1.8.3 | +-- uuid@3.1.0 | +-- v8flags@2.1.1 | | `-- user-home@1.1.1 | `-- websocket-stream@4.0.0 |   +-- duplexify@3.5.0 |   | +-- end-of-stream@1.0.0 |   | | `-- once@1.3.3 |   | `-- stream-shift@1.0.0 |   +-- ws@2.3.1 |   | +-- safe-buffer@5.0.1 |   | `-- ultron@1.1.0 |   `-- xtend@4.0.1 +-- suman-browser-polyfills@0.0.1006 `-- suman-debug@0.0.110 npm info it worked if it ends with oknpm info using npm@3.10.10npm info using node@v6.10.2npm info attempt registry request try #1 at 11:03:58 AMnpm http request GET https://registry.npmjs.org/suman-watchnpm http 304 https://registry.npmjs.org/suman-watchnpm info addNameTag [ 'suman-watch', 'latest' ]npm info attempt registry request try #1 at 11:03:59 AMnpm http request GET https://registry.npmjs.org/bcrypt-pbkdfnpm info attempt registry request try #1 at 11:03:59 AMnpm http request GET https://registry.npmjs.org/ecc-jsbnnpm info attempt registry request try #1 at 11:03:59 AMnpm http request GET https://registry.npmjs.org/jsbnnpm info attempt registry request try #1 at 11:03:59 AMnpm http request GET https://registry.npmjs.org/tweetnaclnpm http 304 https://registry.npmjs.org/bcrypt-pbkdfnpm http 304 https://registry.npmjs.org/ecc-jsbnnpm http 304 https://registry.npmjs.org/tweetnaclnpm http 304 https://registry.npmjs.org/jsbnnpm info attempt registry request try #1 at 11:03:59 AMnpm http request GET https://registry.npmjs.org/uwsnpm http 304 https://registry.npmjs.org/uwsnpm info attempt registry request try #1 at 11:03:59 AMnpm http request GET https://registry.npmjs.org/chalknpm info attempt registry request try #1 at 11:03:59 AMnpm http request GET https://registry.npmjs.org/chokidarnpm http 304 https://registry.npmjs.org/chalknpm http 304 https://registry.npmjs.org/chokidarnpm info attempt registry request try #1 at 11:03:59 AMnpm http request GET https://registry.npmjs.org/ansi-stylesnpm info attempt registry request try #1 at 11:03:59 AMnpm http request GET https://registry.npmjs.org/has-ansinpm info attempt registry request try #1 at 11:03:59 AMnpm http request GET https://registry.npmjs.org/strip-ansinpm info attempt registry request try #1 at 11:03:59 AMnpm http request GET https://registry.npmjs.org/supports-colornpm http 304 https://registry.npmjs.org/has-ansinpm http 304 https://registry.npmjs.org/strip-ansinpm http 304 https://registry.npmjs.org/ansi-stylesnpm http 304 https://registry.npmjs.org/supports-colornpm info attempt registry request try #1 at 11:03:59 AMnpm http request GET https://registry.npmjs.org/ansi-regexnpm http 304 https://registry.npmjs.org/ansi-regexnpm info attempt registry request try #1 at 11:03:59 AMnpm http request GET https://registry.npmjs.org/anymatchnpm info attempt registry request try #1 at 11:03:59 AMnpm http request GET https://registry.npmjs.org/async-eachnpm info attempt registry request try #1 at 11:03:59 AMnpm http request GET https://registry.npmjs.org/glob-parentnpm info attempt registry request try #1 at 11:03:59 AMnpm http request GET https://registry.npmjs.org/is-binary-pathnpm info attempt registry request try #1 at 11:03:59 AMnpm http request GET https://registry.npmjs.org/is-globnpm info attempt registry request try #1 at 11:03:59 AMnpm http request GET https://registry.npmjs.org/readdirpnpm info attempt registry request try #1 at 11:03:59 AMnpm http request GET https://registry.npmjs.org/fseventsnpm http 304 https://registry.npmjs.org/async-eachnpm http 304 https://registry.npmjs.org/anymatchnpm http 304 https://registry.npmjs.org/glob-parentnpm http 304 https://registry.npmjs.org/is-binary-pathnpm http 304 https://registry.npmjs.org/is-globnpm http 304 https://registry.npmjs.org/fseventsnpm http 304 https://registry.npmjs.org/readdirpnpm info attempt registry request try #1 at 11:03:59 AMnpm http request GET https://registry.npmjs.org/arrifynpm info attempt registry request try #1 at 11:03:59 AMnpm http request GET https://registry.npmjs.org/micromatchnpm http 304 https://registry.npmjs.org/arrifynpm http 304 https://registry.npmjs.org/micromatchnpm info attempt registry request try #1 at 11:03:59 AMnpm http request GET https://registry.npmjs.org/arr-diffnpm info attempt registry request try #1 at 11:03:59 AMnpm http request GET https://registry.npmjs.org/array-uniquenpm info attempt registry request try #1 at 11:03:59 AMnpm http request GET https://registry.npmjs.org/bracesnpm info attempt registry request try #1 at 11:03:59 AMnpm http request GET https://registry.npmjs.org/expand-bracketsnpm info attempt registry request try #1 at 11:03:59 AMnpm http request GET https://registry.npmjs.org/extglobnpm info attempt registry request try #1 at 11:03:59 AMnpm http request GET https://registry.npmjs.org/filename-regexnpm info attempt registry request try #1 at 11:03:59 AMnpm http request GET https://registry.npmjs.org/is-extglobnpm info attempt registry request try #1 at 11:03:59 AMnpm http request GET https://registry.npmjs.org/kind-ofnpm info attempt registry request try #1 at 11:03:59 AMnpm http request GET https://registry.npmjs.org/normalize-pathnpm info attempt registry request try #1 at 11:03:59 AMnpm http request GET https://registry.npmjs.org/object.omitnpm info attempt registry request try #1 at 11:03:59 AMnpm http request GET https://registry.npmjs.org/parse-globnpm info attempt registry request try #1 at 11:03:59 AMnpm http request GET https://registry.npmjs.org/regex-cachenpm http 304 https://registry.npmjs.org/array-uniquenpm http 304 https://registry.npmjs.org/arr-diffnpm http 304 https://registry.npmjs.org/bracesnpm http 304 https://registry.npmjs.org/filename-regexnpm http 304 https://registry.npmjs.org/is-extglobnpm http 304 https://registry.npmjs.org/extglobnpm http 304 https://registry.npmjs.org/expand-bracketsnpm http 304 https://registry.npmjs.org/kind-ofnpm http 304 https://registry.npmjs.org/regex-cachenpm http 304 https://registry.npmjs.org/object.omitnpm http 304 https://registry.npmjs.org/normalize-pathnpm http 304 https://registry.npmjs.org/parse-globnpm info attempt registry request try #1 at 11:04:00 AMnpm http request GET https://registry.npmjs.org/arr-flattennpm http 304 https://registry.npmjs.org/arr-flattennpm info attempt registry request try #1 at 11:04:00 AMnpm http request GET https://registry.npmjs.org/expand-rangenpm info attempt registry request try #1 at 11:04:00 AMnpm http request GET https://registry.npmjs.org/preservenpm info attempt registry request try #1 at 11:04:00 AMnpm http request GET https://registry.npmjs.org/repeat-elementnpm http 304 https://registry.npmjs.org/expand-rangenpm http 304 https://registry.npmjs.org/preservenpm http 304 https://registry.npmjs.org/repeat-elementnpm info attempt registry request try #1 at 11:04:00 AMnpm http request GET https://registry.npmjs.org/fill-rangenpm http 304 https://registry.npmjs.org/fill-rangenpm info attempt registry request try #1 at 11:04:00 AMnpm http request GET https://registry.npmjs.org/is-numbernpm info attempt registry request try #1 at 11:04:00 AMnpm http request GET https://registry.npmjs.org/isobjectnpm info attempt registry request try #1 at 11:04:00 AMnpm http request GET https://registry.npmjs.org/randomaticnpm info attempt registry request try #1 at 11:04:00 AMnpm http request GET https://registry.npmjs.org/repeat-stringnpm http 304 https://registry.npmjs.org/isobjectnpm http 304 https://registry.npmjs.org/randomaticnpm http 304 https://registry.npmjs.org/is-numbernpm http 304 https://registry.npmjs.org/repeat-stringnpm info attempt registry request try #1 at 11:04:00 AMnpm http request GET https://registry.npmjs.org/is-buffernpm http 304 https://registry.npmjs.org/is-buffernpm info attempt registry request try #1 at 11:04:00 AMnpm http request GET https://registry.npmjs.org/is-posix-bracketnpm http 304 https://registry.npmjs.org/is-posix-bracketnpm info attempt registry request try #1 at 11:04:00 AMnpm http request GET https://registry.npmjs.org/remove-trailing-separatornpm http 304 https://registry.npmjs.org/remove-trailing-separatornpm info attempt registry request try #1 at 11:04:00 AMnpm http request GET https://registry.npmjs.org/for-ownnpm info attempt registry request try #1 at 11:04:00 AMnpm http request GET https://registry.npmjs.org/is-extendablenpm http 304 https://registry.npmjs.org/for-ownnpm http 304 https://registry.npmjs.org/is-extendablenpm info attempt registry request try #1 at 11:04:00 AMnpm http request GET https://registry.npmjs.org/for-innpm http 304 https://registry.npmjs.org/for-innpm info attempt registry request try #1 at 11:04:00 AMnpm http request GET https://registry.npmjs.org/glob-basenpm info attempt registry request try #1 at 11:04:00 AMnpm http request GET https://registry.npmjs.org/is-dotfilenpm http 304 https://registry.npmjs.org/glob-basenpm http 304 https://registry.npmjs.org/is-dotfilenpm info attempt registry request try #1 at 11:04:00 AMnpm http request GET https://registry.npmjs.org/is-equal-shallownpm info attempt registry request try #1 at 11:04:00 AMnpm http request GET https://registry.npmjs.org/is-primitivenpm http 304 https://registry.npmjs.org/is-primitivenpm http 304 https://registry.npmjs.org/is-equal-shallownpm info attempt registry request try #1 at 11:04:00 AMnpm http request GET https://registry.npmjs.org/binary-extensionsnpm http 304 https://registry.npmjs.org/binary-extensionsnpm info attempt registry request try #1 at 11:04:00 AMnpm http request GET https://registry.npmjs.org/graceful-fsnpm info attempt registry request try #1 at 11:04:00 AMnpm http request GET https://registry.npmjs.org/set-immediate-shimnpm http 304 https://registry.npmjs.org/graceful-fsnpm http 304 https://registry.npmjs.org/set-immediate-shimnpm info lifecycle suman-utils@0.0.73111~preinstall: suman-utils@0.0.73111npm info lifecycle ansi-regex@2.1.1~preinstall: ansi-regex@2.1.1npm info lifecycle ansi-styles@2.2.1~preinstall: ansi-styles@2.2.1npm info lifecycle arr-flatten@1.0.3~preinstall: arr-flatten@1.0.3npm info lifecycle arr-diff@2.0.0~preinstall: arr-diff@2.0.0npm info lifecycle array-unique@0.2.1~preinstall: array-unique@0.2.1npm info lifecycle arrify@1.0.1~preinstall: arrify@1.0.1npm info lifecycle async-each@1.0.1~preinstall: async-each@1.0.1npm info lifecycle binary-extensions@1.8.0~preinstall: binary-extensions@1.8.0npm info lifecycle filename-regex@2.0.1~preinstall: filename-regex@2.0.1npm info lifecycle for-in@1.0.2~preinstall: for-in@1.0.2npm info lifecycle for-own@0.1.5~preinstall: for-own@0.1.5npm info lifecycle graceful-fs@4.1.11~preinstall: graceful-fs@4.1.11npm info lifecycle has-ansi@2.0.0~preinstall: has-ansi@2.0.0npm info lifecycle is-binary-path@1.0.1~preinstall: is-binary-path@1.0.1npm info lifecycle is-buffer@1.1.5~preinstall: is-buffer@1.1.5npm info lifecycle is-dotfile@1.0.3~preinstall: is-dotfile@1.0.3npm info lifecycle is-extendable@0.1.1~preinstall: is-extendable@0.1.1npm info lifecycle is-extglob@1.0.0~preinstall: is-extglob@1.0.0npm info lifecycle extglob@0.3.2~preinstall: extglob@0.3.2npm info lifecycle is-glob@2.0.1~preinstall: is-glob@2.0.1npm info lifecycle glob-parent@2.0.0~preinstall: glob-parent@2.0.0npm info lifecycle glob-base@0.3.0~preinstall: glob-base@0.3.0npm info lifecycle is-posix-bracket@0.1.1~preinstall: is-posix-bracket@0.1.1npm info lifecycle expand-brackets@0.1.5~preinstall: expand-brackets@0.1.5npm info lifecycle is-primitive@2.0.0~preinstall: is-primitive@2.0.0npm info lifecycle is-equal-shallow@0.1.3~preinstall: is-equal-shallow@0.1.3npm info lifecycle isobject@2.1.0~preinstall: isobject@2.1.0npm info lifecycle jsbn@0.1.1~preinstall: jsbn@0.1.1npm info lifecycle ecc-jsbn@0.1.1~preinstall: ecc-jsbn@0.1.1npm info lifecycle kind-of@3.2.2~preinstall: kind-of@3.2.2npm info lifecycle is-number@2.1.0~preinstall: is-number@2.1.0npm info lifecycle object.omit@2.0.1~preinstall: object.omit@2.0.1npm info lifecycle parse-glob@3.0.4~preinstall: parse-glob@3.0.4npm info lifecycle preserve@0.2.0~preinstall: preserve@0.2.0npm info lifecycle kind-of@3.2.2~preinstall: kind-of@3.2.2npm info lifecycle is-number@3.0.0~preinstall: is-number@3.0.0npm info lifecycle kind-of@4.0.0~preinstall: kind-of@4.0.0npm info lifecycle randomatic@1.1.7~preinstall: randomatic@1.1.7npm info lifecycle regex-cache@0.4.3~preinstall: regex-cache@0.4.3npm info lifecycle remove-trailing-separator@1.0.2~preinstall: remove-trailing-separator@1.0.2npm info lifecycle normalize-path@2.1.1~preinstall: normalize-path@2.1.1npm info lifecycle repeat-element@1.1.2~preinstall: repeat-element@1.1.2npm info lifecycle repeat-string@1.6.1~preinstall: repeat-string@1.6.1npm info lifecycle fill-range@2.2.3~preinstall: fill-range@2.2.3npm info lifecycle expand-range@1.8.2~preinstall: expand-range@1.8.2npm info lifecycle braces@1.8.5~preinstall: braces@1.8.5npm info lifecycle micromatch@2.3.11~preinstall: micromatch@2.3.11npm info lifecycle anymatch@1.3.0~preinstall: anymatch@1.3.0npm info lifecycle set-immediate-shim@1.0.1~preinstall: set-immediate-shim@1.0.1npm info lifecycle readdirp@2.1.0~preinstall: readdirp@2.1.0npm info lifecycle chokidar@1.7.0~preinstall: chokidar@1.7.0npm info lifecycle strip-ansi@3.0.1~preinstall: strip-ansi@3.0.1npm info lifecycle supports-color@2.0.0~preinstall: supports-color@2.0.0npm info lifecycle chalk@1.1.3~preinstall: chalk@1.1.3npm info lifecycle suman-watch@0.0.1002~preinstall: suman-watch@0.0.1002npm info lifecycle tweetnacl@0.14.5~preinstall: tweetnacl@0.14.5npm info lifecycle bcrypt-pbkdf@1.0.1~preinstall: bcrypt-pbkdf@1.0.1npm info lifecycle uws@0.14.5~preinstall: uws@0.14.5npm info linkStuff ansi-regex@2.1.1npm info linkStuff ansi-styles@2.2.1npm info linkStuff arr-flatten@1.0.3npm info linkStuff arr-diff@2.0.0npm info linkStuff array-unique@0.2.1npm info linkStuff arrify@1.0.1npm info linkStuff async-each@1.0.1npm info linkStuff binary-extensions@1.8.0npm info linkStuff filename-regex@2.0.1npm info linkStuff for-in@1.0.2npm info linkStuff for-own@0.1.5npm info linkStuff graceful-fs@4.1.11npm info linkStuff has-ansi@2.0.0npm info linkStuff is-binary-path@1.0.1npm info linkStuff is-buffer@1.1.5npm info linkStuff is-dotfile@1.0.3npm info linkStuff is-extendable@0.1.1npm info linkStuff is-extglob@1.0.0npm info linkStuff extglob@0.3.2npm info linkStuff is-glob@2.0.1npm info linkStuff glob-parent@2.0.0npm info linkStuff glob-base@0.3.0npm info linkStuff is-posix-bracket@0.1.1npm info linkStuff expand-brackets@0.1.5npm info linkStuff is-primitive@2.0.0npm info linkStuff is-equal-shallow@0.1.3npm info linkStuff isobject@2.1.0npm info linkStuff jsbn@0.1.1npm info linkStuff ecc-jsbn@0.1.1npm info linkStuff kind-of@3.2.2npm info linkStuff is-number@2.1.0npm info linkStuff object.omit@2.0.1npm info linkStuff parse-glob@3.0.4npm info linkStuff preserve@0.2.0npm info linkStuff kind-of@3.2.2npm info linkStuff is-number@3.0.0npm info linkStuff kind-of@4.0.0npm info linkStuff randomatic@1.1.7npm info linkStuff regex-cache@0.4.3npm info linkStuff remove-trailing-separator@1.0.2npm info linkStuff normalize-path@2.1.1npm info linkStuff repeat-element@1.1.2npm info linkStuff repeat-string@1.6.1npm info linkStuff fill-range@2.2.3npm info linkStuff expand-range@1.8.2npm info linkStuff braces@1.8.5npm info linkStuff micromatch@2.3.11npm info linkStuff anymatch@1.3.0npm info linkStuff set-immediate-shim@1.0.1npm info linkStuff readdirp@2.1.0npm info linkStuff chokidar@1.7.0npm info linkStuff strip-ansi@3.0.1npm info linkStuff supports-color@2.0.0npm info linkStuff chalk@1.1.3npm info linkStuff suman-watch@0.0.1002npm info linkStuff tweetnacl@0.14.5npm info linkStuff bcrypt-pbkdf@1.0.1npm info linkStuff uws@0.14.5npm info lifecycle ansi-regex@2.1.1~install: ansi-regex@2.1.1npm info lifecycle ansi-styles@2.2.1~install: ansi-styles@2.2.1npm info lifecycle arr-flatten@1.0.3~install: arr-flatten@1.0.3npm info lifecycle arr-diff@2.0.0~install: arr-diff@2.0.0npm info lifecycle array-unique@0.2.1~install: array-unique@0.2.1npm info lifecycle arrify@1.0.1~install: arrify@1.0.1npm info lifecycle async-each@1.0.1~install: async-each@1.0.1npm info lifecycle binary-extensions@1.8.0~install: binary-extensions@1.8.0npm info lifecycle filename-regex@2.0.1~install: filename-regex@2.0.1npm info lifecycle for-in@1.0.2~install: for-in@1.0.2npm info lifecycle for-own@0.1.5~install: for-own@0.1.5npm info lifecycle graceful-fs@4.1.11~install: graceful-fs@4.1.11npm info lifecycle has-ansi@2.0.0~install: has-ansi@2.0.0npm info lifecycle is-binary-path@1.0.1~install: is-binary-path@1.0.1npm info lifecycle is-buffer@1.1.5~install: is-buffer@1.1.5npm info lifecycle is-dotfile@1.0.3~install: is-dotfile@1.0.3npm info lifecycle is-extendable@0.1.1~install: is-extendable@0.1.1npm info lifecycle is-extglob@1.0.0~install: is-extglob@1.0.0npm info lifecycle extglob@0.3.2~install: extglob@0.3.2npm info lifecycle is-glob@2.0.1~install: is-glob@2.0.1npm info lifecycle glob-parent@2.0.0~install: glob-parent@2.0.0npm info lifecycle glob-base@0.3.0~install: glob-base@0.3.0npm info lifecycle is-posix-bracket@0.1.1~install: is-posix-bracket@0.1.1npm info lifecycle expand-brackets@0.1.5~install: expand-brackets@0.1.5npm info lifecycle is-primitive@2.0.0~install: is-primitive@2.0.0npm info lifecycle is-equal-shallow@0.1.3~install: is-equal-shallow@0.1.3npm info lifecycle isobject@2.1.0~install: isobject@2.1.0npm info lifecycle jsbn@0.1.1~install: jsbn@0.1.1npm info lifecycle ecc-jsbn@0.1.1~install: ecc-jsbn@0.1.1npm info lifecycle kind-of@3.2.2~install: kind-of@3.2.2npm info lifecycle is-number@2.1.0~install: is-number@2.1.0npm info lifecycle object.omit@2.0.1~install: object.omit@2.0.1npm info lifecycle parse-glob@3.0.4~install: parse-glob@3.0.4npm info lifecycle preserve@0.2.0~install: preserve@0.2.0npm info lifecycle kind-of@3.2.2~install: kind-of@3.2.2npm info lifecycle is-number@3.0.0~install: is-number@3.0.0npm info lifecycle kind-of@4.0.0~install: kind-of@4.0.0npm info lifecycle randomatic@1.1.7~install: randomatic@1.1.7npm info lifecycle regex-cache@0.4.3~install: regex-cache@0.4.3npm info lifecycle remove-trailing-separator@1.0.2~install: remove-trailing-separator@1.0.2npm info lifecycle normalize-path@2.1.1~install: normalize-path@2.1.1npm info lifecycle repeat-element@1.1.2~install: repeat-element@1.1.2npm info lifecycle repeat-string@1.6.1~install: repeat-string@1.6.1npm info lifecycle fill-range@2.2.3~install: fill-range@2.2.3npm info lifecycle expand-range@1.8.2~install: expand-range@1.8.2npm info lifecycle braces@1.8.5~install: braces@1.8.5npm info lifecycle micromatch@2.3.11~install: micromatch@2.3.11npm info lifecycle anymatch@1.3.0~install: anymatch@1.3.0npm info lifecycle set-immediate-shim@1.0.1~install: set-immediate-shim@1.0.1npm info lifecycle readdirp@2.1.0~install: readdirp@2.1.0npm info lifecycle chokidar@1.7.0~install: chokidar@1.7.0npm info lifecycle strip-ansi@3.0.1~install: strip-ansi@3.0.1npm info lifecycle supports-color@2.0.0~install: supports-color@2.0.0npm info lifecycle chalk@1.1.3~install: chalk@1.1.3npm info lifecycle suman-watch@0.0.1002~install: suman-watch@0.0.1002npm info lifecycle tweetnacl@0.14.5~install: tweetnacl@0.14.5npm info lifecycle bcrypt-pbkdf@1.0.1~install: bcrypt-pbkdf@1.0.1npm info lifecycle uws@0.14.5~install: uws@0.14.5> uws@0.14.5 install /home/newuser/.npmlinkup/test/suman-utils/node_modules/uws> node-gyp rebuild > build_log.txt 2>&1 || exit 0npm info lifecycle ansi-regex@2.1.1~postinstall: ansi-regex@2.1.1npm info lifecycle ansi-styles@2.2.1~postinstall: ansi-styles@2.2.1npm info lifecycle arr-flatten@1.0.3~postinstall: arr-flatten@1.0.3npm info lifecycle arr-diff@2.0.0~postinstall: arr-diff@2.0.0npm info lifecycle array-unique@0.2.1~postinstall: array-unique@0.2.1npm info lifecycle arrify@1.0.1~postinstall: arrify@1.0.1npm info lifecycle async-each@1.0.1~postinstall: async-each@1.0.1npm info lifecycle binary-extensions@1.8.0~postinstall: binary-extensions@1.8.0npm info lifecycle filename-regex@2.0.1~postinstall: filename-regex@2.0.1npm info lifecycle for-in@1.0.2~postinstall: for-in@1.0.2npm info lifecycle for-own@0.1.5~postinstall: for-own@0.1.5npm info lifecycle graceful-fs@4.1.11~postinstall: graceful-fs@4.1.11npm info lifecycle has-ansi@2.0.0~postinstall: has-ansi@2.0.0npm info lifecycle is-binary-path@1.0.1~postinstall: is-binary-path@1.0.1npm info lifecycle is-buffer@1.1.5~postinstall: is-buffer@1.1.5npm info lifecycle is-dotfile@1.0.3~postinstall: is-dotfile@1.0.3npm info lifecycle is-extendable@0.1.1~postinstall: is-extendable@0.1.1npm info lifecycle is-extglob@1.0.0~postinstall: is-extglob@1.0.0npm info lifecycle extglob@0.3.2~postinstall: extglob@0.3.2npm info lifecycle is-glob@2.0.1~postinstall: is-glob@2.0.1npm info lifecycle glob-parent@2.0.0~postinstall: glob-parent@2.0.0npm info lifecycle glob-base@0.3.0~postinstall: glob-base@0.3.0npm info lifecycle is-posix-bracket@0.1.1~postinstall: is-posix-bracket@0.1.1npm info lifecycle expand-brackets@0.1.5~postinstall: expand-brackets@0.1.5npm info lifecycle is-primitive@2.0.0~postinstall: is-primitive@2.0.0npm info lifecycle is-equal-shallow@0.1.3~postinstall: is-equal-shallow@0.1.3npm info lifecycle isobject@2.1.0~postinstall: isobject@2.1.0npm info lifecycle jsbn@0.1.1~postinstall: jsbn@0.1.1npm info lifecycle ecc-jsbn@0.1.1~postinstall: ecc-jsbn@0.1.1npm info lifecycle kind-of@3.2.2~postinstall: kind-of@3.2.2npm info lifecycle is-number@2.1.0~postinstall: is-number@2.1.0npm info lifecycle object.omit@2.0.1~postinstall: object.omit@2.0.1npm info lifecycle parse-glob@3.0.4~postinstall: parse-glob@3.0.4npm info lifecycle preserve@0.2.0~postinstall: preserve@0.2.0npm info lifecycle kind-of@3.2.2~postinstall: kind-of@3.2.2npm info lifecycle is-number@3.0.0~postinstall: is-number@3.0.0npm info lifecycle kind-of@4.0.0~postinstall: kind-of@4.0.0npm info lifecycle randomatic@1.1.7~postinstall: randomatic@1.1.7npm info lifecycle regex-cache@0.4.3~postinstall: regex-cache@0.4.3npm info lifecycle remove-trailing-separator@1.0.2~postinstall: remove-trailing-separator@1.0.2npm info lifecycle normalize-path@2.1.1~postinstall: normalize-path@2.1.1npm info lifecycle repeat-element@1.1.2~postinstall: repeat-element@1.1.2npm info lifecycle repeat-string@1.6.1~postinstall: repeat-string@1.6.1npm info lifecycle fill-range@2.2.3~postinstall: fill-range@2.2.3npm info lifecycle expand-range@1.8.2~postinstall: expand-range@1.8.2npm info lifecycle braces@1.8.5~postinstall: braces@1.8.5npm info lifecycle micromatch@2.3.11~postinstall: micromatch@2.3.11npm info lifecycle anymatch@1.3.0~postinstall: anymatch@1.3.0npm info lifecycle set-immediate-shim@1.0.1~postinstall: set-immediate-shim@1.0.1npm info lifecycle readdirp@2.1.0~postinstall: readdirp@2.1.0npm info lifecycle chokidar@1.7.0~postinstall: chokidar@1.7.0npm info lifecycle strip-ansi@3.0.1~postinstall: strip-ansi@3.0.1npm info lifecycle supports-color@2.0.0~postinstall: supports-color@2.0.0npm info lifecycle chalk@1.1.3~postinstall: chalk@1.1.3npm info lifecycle suman-watch@0.0.1002~postinstall: suman-watch@0.0.1002npm info lifecycle tweetnacl@0.14.5~postinstall: tweetnacl@0.14.5npm info lifecycle bcrypt-pbkdf@1.0.1~postinstall: bcrypt-pbkdf@1.0.1npm info lifecycle uws@0.14.5~postinstall: uws@0.14.5npm info linkStuff suman-utils@0.0.73111npm info lifecycle suman-utils@0.0.73111~install: suman-utils@0.0.73111npm info lifecycle suman-utils@0.0.73111~postinstall: suman-utils@0.0.73111npm info lifecycle suman-utils@0.0.73111~prepublish: suman-utils@0.0.73111suman-utils@0.0.73111 /home/newuser/.npmlinkup/test/suman-utils`-- suman@1.1.512238  +-- request@2.81.0  | `-- http-signature@1.1.1  |   `-- sshpk@1.13.1  |     +-- bcrypt-pbkdf@1.0.1   |     +-- ecc-jsbn@0.1.1   |     +-- jsbn@0.1.1   |     `-- tweetnacl@0.14.5   +-- socket.io@2.0.3  | `-- engine.io@3.1.0  |   `-- uws@0.14.5   `-- suman-watch@0.0.1002     +-- chalk@1.1.3     | +-- ansi-styles@2.2.1     | +-- has-ansi@2.0.0     | | `-- ansi-regex@2.1.1     | +-- strip-ansi@3.0.1     | `-- supports-color@2.0.0     `-- chokidar@1.7.0       +-- anymatch@1.3.0       | +-- arrify@1.0.1       | `-- micromatch@2.3.11       |   +-- arr-diff@2.0.0       |   | `-- arr-flatten@1.0.3       |   +-- array-unique@0.2.1       |   +-- braces@1.8.5       |   | +-- expand-range@1.8.2       |   | | `-- fill-range@2.2.3       |   | |   +-- is-number@2.1.0       |   | |   +-- isobject@2.1.0       |   | |   +-- randomatic@1.1.7       |   | |   | +-- is-number@3.0.0       |   | |   | | `-- kind-of@3.2.2       |   | |   | `-- kind-of@4.0.0       |   | |   `-- repeat-string@1.6.1       |   | +-- preserve@0.2.0       |   | `-- repeat-element@1.1.2       |   +-- expand-brackets@0.1.5       |   | `-- is-posix-bracket@0.1.1       |   +-- extglob@0.3.2       |   +-- filename-regex@2.0.1       |   +-- kind-of@3.2.2       |   | `-- is-buffer@1.1.5       |   +-- normalize-path@2.1.1       |   | `-- remove-trailing-separator@1.0.2       |   +-- object.omit@2.0.1       |   | +-- for-own@0.1.5       |   | | `-- for-in@1.0.2       |   | `-- is-extendable@0.1.1       |   +-- parse-glob@3.0.4       |   | +-- glob-base@0.3.0       |   | `-- is-dotfile@1.0.3       |   `-- regex-cache@0.4.3       |     +-- is-equal-shallow@0.1.3       |     `-- is-primitive@2.0.0       +-- async-each@1.0.1       +-- glob-parent@2.0.0       +-- is-binary-path@1.0.1       | `-- binary-extensions@1.8.0       +-- is-glob@2.0.1       | `-- is-extglob@1.0.0       `-- readdirp@2.1.0         +-- graceful-fs@4.1.11         `-- set-immediate-shim@1.0.1 /usr/local/lib/node_modules/suman-utils -> /home/newuser/.npmlinkup/test/suman-utilsnpm WARN optional SKIPPING OPTIONAL DEPENDENCY: fsevents@^1.0.0 (node_modules/chokidar/node_modules/fsevents):npm WARN notsup SKIPPING OPTIONAL DEPENDENCY: Unsupported platform for fsevents@1.1.2: wanted {"os":"darwin","arch":"any"} (current: {"os":"linux","arch":"x64"})npm info build /usr/local/lib/node_modules/suman-utilsnpm info linkStuff suman-utils@0.0.73111npm info ok  => [npm-link-up] =>  Dep with name "suman-utils" is done.



 => [npm-link-up] =>  there is no dependency named suman-debug in the map.
 => [npm-link-up] =>  there is no dependency named suman-browser-polyfills in the map.
 => [npm-link-up] =>  Processing dep with name =>  suman-watch
 => [npm-link-up] =>  Map for key ="suman-debug" is not defined.
 => [npm-link-up] =>  Map for key ="suman-browser-polyfills" is not defined.
 => [npm-link-up] =>  Script is =>  cd /home/newuser/.npmlinkup/test/suman-watch && rm -rf node_modules && npm install --no-optional --log-level=warn --silent && npm link suman-utils && npm link && npm link suman-watch


 >>> Beginning of "suman-watch"... >>> Running script => "cd /home/newuser/.npmlinkup/test/suman-watch && rm -rf node_modules && npm install --no-optional --log-level=warn --silent && npm link suman-utils && npm link && npm link suman-watch"...suman-watch@0.0.1002 /home/newuser/.npmlinkup/test/suman-watch+-- @types/async@2.0.40 +-- @types/chalk@0.4.31 +-- @types/chokidar@1.7.0 +-- @types/node@7.0.32 +-- async@2.4.1 | `-- lodash@4.17.4 +-- chalk@1.1.3 | +-- ansi-styles@2.2.1 | +-- escape-string-regexp@1.0.5 | +-- has-ansi@2.0.0 | | `-- ansi-regex@2.1.1 | +-- strip-ansi@3.0.1 | `-- supports-color@2.0.0 +-- chokidar@1.7.0 | +-- anymatch@1.3.0 | | +-- arrify@1.0.1 | | `-- micromatch@2.3.11 | |   +-- arr-diff@2.0.0 | |   | `-- arr-flatten@1.0.3 | |   +-- array-unique@0.2.1 | |   +-- braces@1.8.5 | |   | +-- expand-range@1.8.2 | |   | | `-- fill-range@2.2.3 | |   | |   +-- is-number@2.1.0 | |   | |   +-- isobject@2.1.0 | |   | |   +-- randomatic@1.1.7 | |   | |   | +-- is-number@3.0.0 | |   | |   | | `-- kind-of@3.2.2 | |   | |   | `-- kind-of@4.0.0 | |   | |   `-- repeat-string@1.6.1 | |   | +-- preserve@0.2.0 | |   | `-- repeat-element@1.1.2 | |   +-- expand-brackets@0.1.5 | |   | `-- is-posix-bracket@0.1.1 | |   +-- extglob@0.3.2 | |   +-- filename-regex@2.0.1 | |   +-- kind-of@3.2.2 | |   | `-- is-buffer@1.1.5 | |   +-- normalize-path@2.1.1 | |   | `-- remove-trailing-separator@1.0.2 | |   +-- object.omit@2.0.1 | |   | +-- for-own@0.1.5 | |   | | `-- for-in@1.0.2 | |   | `-- is-extendable@0.1.1 | |   +-- parse-glob@3.0.4 | |   | +-- glob-base@0.3.0 | |   | `-- is-dotfile@1.0.3 | |   `-- regex-cache@0.4.3 | |     +-- is-equal-shallow@0.1.3 | |     `-- is-primitive@2.0.0 | +-- async-each@1.0.1 | +-- glob-parent@2.0.0 | +-- inherits@2.0.3 | +-- is-binary-path@1.0.1 | | `-- binary-extensions@1.8.0 | +-- is-glob@2.0.1 | | `-- is-extglob@1.0.0 | +-- path-is-absolute@1.0.1 | `-- readdirp@2.1.0 |   +-- graceful-fs@4.1.11 |   +-- minimatch@3.0.4 |   | `-- brace-expansion@1.1.8 |   |   +-- balanced-match@1.0.0 |   |   `-- concat-map@0.0.1 |   +-- readable-stream@2.3.2 |   | +-- core-util-is@1.0.2 |   | +-- isarray@1.0.0 |   | +-- process-nextick-args@1.0.7 |   | +-- safe-buffer@5.1.1 |   | +-- string_decoder@1.0.3 |   | `-- util-deprecate@1.0.2 |   `-- set-immediate-shim@1.0.1 +-- suman-browser-polyfills@0.0.1006 `-- suman-utils@0.0.73111   +-- colors@1.1.2   +-- mkdirp@0.5.1   | `-- minimist@0.0.8   +-- residence@0.0.205   +-- rimraf@2.6.1   | `-- glob@7.1.2   |   +-- fs.realpath@1.0.0   |   +-- inflight@1.0.6   |   | `-- wrappy@1.0.2   |   `-- once@1.4.0   `-- suman-debug@0.0.110 npm info it worked if it ends with oknpm info using npm@3.10.10npm info using node@v6.10.2npm info build /home/newuser/.npmlinkup/test/suman-watch/node_modules/suman-utilsnpm info linkStuff suman-utils@0.0.73111/home/newuser/.npmlinkup/test/suman-watch/node_modules/suman-utils -> /usr/local/lib/node_modules/suman-utils -> /home/newuser/.npmlinkup/test/suman-utilsnpm info ok npm info it worked if it ends with oknpm info using npm@3.10.10npm info using node@v6.10.2npm info addNameTag [ 'suman-utils', 'latest' ]npm info attempt registry request try #1 at 11:04:22 AMnpm http request GET https://registry.npmjs.org/fseventsnpm http 304 https://registry.npmjs.org/fseventsnpm info lifecycle suman-watch@0.0.1002~preinstall: suman-watch@0.0.1002npm info linkStuff suman-watch@0.0.1002npm info lifecycle suman-watch@0.0.1002~install: suman-watch@0.0.1002npm info lifecycle suman-watch@0.0.1002~postinstall: suman-watch@0.0.1002npm info lifecycle suman-watch@0.0.1002~prepublish: suman-watch@0.0.1002npm WARN optional SKIPPING OPTIONAL DEPENDENCY: fsevents@^1.0.0 (node_modules/chokidar/node_modules/fsevents):npm WARN notsup SKIPPING OPTIONAL DEPENDENCY: Unsupported platform for fsevents@1.1.2: wanted {"os":"darwin","arch":"any"} (current: {"os":"linux","arch":"x64"})npm info build /usr/local/lib/node_modules/suman-watchnpm info linkStuff suman-watch@0.0.1002/usr/local/lib/node_modules/suman-watch -> /home/newuser/.npmlinkup/test/suman-watchnpm info ok npm info it worked if it ends with oknpm info using npm@3.10.10npm info using node@v6.10.2npm info build /home/newuser/.npmlinkup/test/suman-watch/node_modules/suman-watchnpm info linkStuff suman-watch@0.0.1002/home/newuser/.npmlinkup/test/suman-watch/node_modules/suman-watch -> /usr/local/lib/node_modules/suman-watch -> /home/newuser/.npmlinkup/test/suman-watchnpm info ok  => [npm-link-up] =>  Dep with name "suman-watch" is done.



 => [npm-link-up] =>  Processing dep with name =>  suman
 => [npm-link-up] =>  Map for key ="suman-d" is not defined.
 => [npm-link-up] =>  Map for key ="suman-debug" is not defined.
 => [npm-link-up] =>  Map for key ="suman-browser-polyfills" is not defined.
 => [npm-link-up] =>  Script is =>  cd /home/newuser/.npmlinkup/test/suman && rm -rf node_modules && npm install --no-optional --log-level=warn --silent && npm link suman-watch && npm link suman-utils && npm link && npm link suman


 >>> Beginning of "suman"... >>> Running script => "cd /home/newuser/.npmlinkup/test/suman && rm -rf node_modules && npm install --no-optional --log-level=warn --silent && npm link suman-watch && npm link suman-utils && npm link && npm link suman"... => Suman postinstall routine running in the foreground... => Suman postinstall script succeeded after 27.117 seconds. => Suman => all done with postinstall routine.  suman@1.1.512238 /home/newuser/.npmlinkup/test/suman+-- @types/async@2.0.40 +-- @types/chai@4.0.1 +-- @types/core-js@0.9.41 +-- @types/lodash@4.14.66 +-- @types/node@7.0.32 +-- ansi-256-colors@1.1.0 +-- ascii-table@0.0.9 +-- async@2.4.1 | `-- lodash@4.17.4 +-- babel-loader@6.4.1 | +-- find-cache-dir@0.1.1 | | +-- commondir@1.0.1 | | `-- pkg-dir@1.0.0 | |   `-- find-up@1.1.2 | |     `-- pinkie-promise@2.0.1 | |       `-- pinkie@2.0.4 | +-- loader-utils@0.2.17 | | +-- big.js@3.1.3 | | `-- emojis-list@2.1.0 | `-- object-assign@4.1.1 +-- babel-polyfill@6.23.0 | +-- babel-runtime@6.23.0 | +-- core-js@2.4.1 | `-- regenerator-runtime@0.10.5 +-- babel-preset-latest@6.24.1 | +-- babel-preset-es2015@6.24.1 | | +-- babel-plugin-check-es2015-constants@6.22.0 | | +-- babel-plugin-transform-es2015-arrow-functions@6.22.0 | | +-- babel-plugin-transform-es2015-block-scoped-functions@6.22.0 | | +-- babel-plugin-transform-es2015-block-scoping@6.24.1 | | +-- babel-plugin-transform-es2015-classes@6.24.1 | | | +-- babel-helper-define-map@6.24.1 | | | +-- babel-helper-function-name@6.24.1 | | | +-- babel-helper-optimise-call-expression@6.24.1 | | | `-- babel-helper-replace-supers@6.24.1 | | +-- babel-plugin-transform-es2015-computed-properties@6.24.1 | | +-- babel-plugin-transform-es2015-destructuring@6.23.0 | | +-- babel-plugin-transform-es2015-duplicate-keys@6.24.1 | | +-- babel-plugin-transform-es2015-for-of@6.23.0 | | +-- babel-plugin-transform-es2015-function-name@6.24.1 | | +-- babel-plugin-transform-es2015-literals@6.22.0 | | +-- babel-plugin-transform-es2015-modules-amd@6.24.1 | | +-- babel-plugin-transform-es2015-modules-commonjs@6.24.1 | | | `-- babel-plugin-transform-strict-mode@6.24.1 | | +-- babel-plugin-transform-es2015-modules-umd@6.24.1 | | +-- babel-plugin-transform-es2015-object-super@6.24.1 | | +-- babel-plugin-transform-es2015-parameters@6.24.1 | | | +-- babel-helper-call-delegate@6.24.1 | | | `-- babel-helper-get-function-arity@6.24.1 | | +-- babel-plugin-transform-es2015-shorthand-properties@6.24.1 | | +-- babel-plugin-transform-es2015-spread@6.22.0 | | +-- babel-plugin-transform-es2015-sticky-regex@6.24.1 | | | `-- babel-helper-regex@6.24.1 | | +-- babel-plugin-transform-es2015-template-literals@6.22.0 | | +-- babel-plugin-transform-es2015-typeof-symbol@6.23.0 | | +-- babel-plugin-transform-es2015-unicode-regex@6.24.1 | | | `-- regexpu-core@2.0.0 | | |   +-- regenerate@1.3.2 | | |   +-- regjsgen@0.2.0 | | |   `-- regjsparser@0.1.5 | | `-- babel-plugin-transform-regenerator@6.24.1 | |   `-- regenerator-transform@0.9.11 | +-- babel-preset-es2016@6.24.1 | | `-- babel-plugin-transform-exponentiation-operator@6.24.1 | |   +-- babel-helper-builder-binary-assignment-operator-visitor@6.24.1 | |   | `-- babel-helper-explode-assignable-expression@6.24.1 | |   `-- babel-plugin-syntax-exponentiation-operator@6.13.0 | `-- babel-preset-es2017@6.24.1 |   +-- babel-plugin-syntax-trailing-function-commas@6.22.0 |   `-- babel-plugin-transform-async-to-generator@6.24.1 |     +-- babel-helper-remap-async-to-generator@6.24.1 |     `-- babel-plugin-syntax-async-functions@6.13.0 +-- bluebird@3.5.0 +-- browserify-fs@1.0.0 | +-- level-filesystem@1.2.0 | | +-- concat-stream@1.6.0 | | | `-- typedarray@0.0.6 | | +-- errno@0.1.4 | | +-- fwd-stream@1.0.4 | | | `-- readable-stream@1.0.34 | | |   +-- isarray@0.0.1 | | |   `-- string_decoder@0.10.31 | | +-- level-blobs@0.1.7 | | | `-- readable-stream@1.1.14 | | |   +-- isarray@0.0.1 | | |   `-- string_decoder@0.10.31 | | +-- level-peek@1.0.6 | | | `-- level-fix-range@1.0.2 | | +-- level-sublevel@5.2.3 | | | +-- level-fix-range@2.0.0 | | | | `-- clone@0.1.19 | | | +-- level-hooks@4.5.0 | | | +-- string-range@1.2.2 | | | `-- xtend@2.0.6 | | |   +-- is-object@0.1.2 | | |   `-- object-keys@0.2.0 | | |     +-- foreach@2.0.5 | | |     `-- is@0.2.7 | | +-- octal@1.0.0 | | `-- xtend@2.2.0 | +-- level-js@2.2.4 | | +-- abstract-leveldown@0.12.4 | | | `-- xtend@3.0.0 | | +-- idb-wrapper@1.7.1 | | +-- isbuffer@0.0.0 | | +-- ltgt@2.2.0 | | +-- typedarray-to-buffer@1.0.4 | | `-- xtend@2.1.2 | |   `-- object-keys@0.4.0 | `-- levelup@0.18.6 |   +-- bl@0.8.2 |   | `-- readable-stream@1.0.34 |   |   +-- isarray@0.0.1 |   |   `-- string_decoder@0.10.31 |   +-- deferred-leveldown@0.2.0 |   +-- prr@0.0.0 |   +-- readable-stream@1.0.34 |   | +-- isarray@0.0.1 |   | `-- string_decoder@0.10.31 |   +-- semver@2.3.2 |   `-- xtend@3.0.0 +-- builtin-modules@1.1.1 +-- camelcase@4.1.0 +-- chai@4.0.2 | +-- assertion-error@1.0.2 | +-- check-error@1.0.2 | +-- deep-eql@2.0.2 | | `-- type-detect@3.0.0 | +-- get-func-name@2.0.0 | +-- pathval@1.1.0 | `-- type-detect@4.0.3 +-- chmodr@1.0.2 +-- colors@1.1.2 +-- dashdash@1.14.1 | `-- assert-plus@1.0.0 +-- du@0.1.0 | `-- async@0.1.22 +-- function-arguments@1.0.8 +-- ignore-loader@0.1.2 +-- lockfile@1.0.3 +-- lodash.flatten@4.4.0 +-- lodash.flattendeep@4.4.0 +-- lodash.includes@4.3.0 +-- lodash.intersection@4.4.0 +-- lodash.mapvalues@4.6.0 +-- lodash.merge@4.6.0 +-- lodash.shuffle@4.2.0 +-- lodash.sortby@4.7.0 +-- lodash.uniq@4.5.0 +-- lodash.uniqby@4.7.0 +-- make-beep@0.0.1 | `-- minimist@1.2.0 +-- mkdirp@0.5.1 | `-- minimist@0.0.8 +-- moment@2.18.1 +-- nightmare@2.10.0 | +-- debug@2.6.8 | | `-- ms@2.0.0 | +-- deep-defaults@1.0.4 | | `-- lodash@3.0.1 | +-- defaults@1.0.3 | | `-- clone@1.0.2 | +-- electron@1.6.11 | | +-- electron-download@3.3.0 | | | +-- fs-extra@0.30.0 | | | | +-- jsonfile@2.4.0 | | | | `-- klaw@1.3.1 | | | +-- home-path@1.0.5 | | | +-- nugget@2.0.1 | | | | +-- pretty-bytes@1.0.4 | | | | | +-- get-stdin@4.0.1 | | | | | `-- meow@3.7.0 | | | | |   +-- camelcase-keys@2.1.0 | | | | |   | `-- camelcase@2.1.1 | | | | |   +-- loud-rejection@1.6.0 | | | | |   | +-- currently-unhandled@0.4.1 | | | | |   | | `-- array-find-index@1.0.2 | | | | |   | `-- signal-exit@3.0.2 | | | | |   +-- map-obj@1.0.1 | | | | |   +-- redent@1.0.0 | | | | |   | +-- indent-string@2.1.0 | | | | |   | `-- strip-indent@1.0.1 | | | | |   `-- trim-newlines@1.0.0 | | | | +-- progress-stream@1.2.0 | | | | | +-- speedometer@0.1.4 | | | | | `-- through2@0.2.3 | | | | |   +-- readable-stream@1.1.14 | | | | |   | +-- isarray@0.0.1 | | | | |   | `-- string_decoder@0.10.31 | | | | |   `-- xtend@2.1.2 | | | | |     `-- object-keys@0.4.0 | | | | +-- single-line-log@1.1.2 | | | | `-- throttleit@0.0.2 | | | +-- path-exists@2.1.0 | | | +-- rc@1.2.1 | | | | +-- deep-extend@0.4.2 | | | | +-- ini@1.3.4 | | | | `-- strip-json-comments@2.0.1 | | | `-- sumchecker@1.3.1 | | |   `-- es6-promise@4.1.0 | | `-- extract-zip@1.6.5 | |   +-- debug@2.2.0 | |   | `-- ms@0.7.1 | |   +-- mkdirp@0.5.0 | |   | `-- minimist@0.0.8 | |   `-- yauzl@2.4.1 | |     `-- fd-slicer@1.0.1 | |       `-- pend@1.2.0 | +-- enqueue@1.0.2 | | `-- sliced@0.0.5 | +-- function-source@0.1.0 | +-- jsesc@0.5.0 | +-- minstache@1.2.0 | | `-- commander@1.0.4 | |   `-- keypress@0.1.0 | +-- once@1.4.0 | | `-- wrappy@1.0.2 | +-- sliced@1.0.1 | `-- split2@2.1.1 |   `-- through2@2.0.3 +-- node-check-fast@0.0.1008 +-- node-libs-browser@2.0.0 | +-- assert@1.4.1 | +-- browserify-zlib@0.1.4 | | `-- pako@0.2.9 | +-- buffer@4.9.1 | | +-- base64-js@1.2.1 | | +-- ieee754@1.1.8 | | `-- isarray@1.0.0 | +-- console-browserify@1.1.0 | | `-- date-now@0.1.4 | +-- constants-browserify@1.0.0 | +-- crypto-browserify@3.11.0 | | +-- browserify-cipher@1.0.0 | | | +-- browserify-aes@1.0.6 | | | | `-- buffer-xor@1.0.3 | | | +-- browserify-des@1.0.0 | | | | `-- des.js@1.0.0 | | | `-- evp_bytestokey@1.0.0 | | +-- browserify-sign@4.0.4 | | | +-- bn.js@4.11.7 | | | +-- browserify-rsa@4.0.1 | | | +-- elliptic@6.4.0 | | | | +-- brorand@1.1.0 | | | | +-- hash.js@1.1.1 | | | | +-- hmac-drbg@1.0.1 | | | | +-- minimalistic-assert@1.0.0 | | | | `-- minimalistic-crypto-utils@1.0.1 | | | `-- parse-asn1@5.1.0 | | |   `-- asn1.js@4.9.1 | | +-- create-ecdh@4.0.0 | | +-- create-hash@1.1.3 | | | +-- cipher-base@1.0.3 | | | +-- ripemd160@2.0.1 | | | | `-- hash-base@2.0.2 | | | `-- sha.js@2.4.8 | | +-- create-hmac@1.1.6 | | +-- diffie-hellman@5.0.2 | | | `-- miller-rabin@4.0.0 | | +-- pbkdf2@3.0.12 | | +-- public-encrypt@4.0.0 | | `-- randombytes@2.0.5 | +-- domain-browser@1.1.7 | +-- events@1.1.1 | +-- https-browserify@0.0.1 | +-- os-browserify@0.2.1 | +-- path-browserify@0.0.0 | +-- process@0.11.10 | +-- punycode@1.4.1 | +-- querystring-es3@0.2.1 | +-- readable-stream@2.3.2 | | +-- core-util-is@1.0.2 | | +-- process-nextick-args@1.0.7 | | +-- string_decoder@1.0.3 | | `-- util-deprecate@1.0.2 | +-- stream-browserify@2.0.1 | +-- stream-http@2.7.2 | | +-- builtin-status-codes@3.0.0 | | `-- to-arraybuffer@1.0.1 | +-- string_decoder@0.10.31 | +-- timers-browserify@2.0.2 | | `-- setimmediate@1.0.5 | +-- tty-browserify@0.0.0 | +-- url@0.11.0 | | +-- punycode@1.3.2 | | `-- querystring@0.2.0 | +-- util@0.10.3 | | `-- inherits@2.0.1 | `-- vm-browserify@0.0.4 +-- pragmatik@0.0.407 +-- progress@2.0.0 +-- replacestream@4.0.2 | `-- escape-string-regexp@1.0.5 +-- request@2.81.0 | +-- aws-sign2@0.6.0 | +-- aws4@1.6.0 | +-- caseless@0.12.0 | +-- combined-stream@1.0.5 | | `-- delayed-stream@1.0.0 | +-- extend@3.0.1 | +-- forever-agent@0.6.1 | +-- form-data@2.1.4 | | `-- asynckit@0.4.0 | +-- har-validator@4.2.1 | | `-- har-schema@1.0.5 | +-- hawk@3.1.3 | | +-- boom@2.10.1 | | +-- cryptiles@2.0.5 | | +-- hoek@2.16.3 | | `-- sntp@1.0.9 | +-- http-signature@1.1.1 | | +-- assert-plus@0.2.0 | | +-- jsprim@1.4.0 | | | +-- extsprintf@1.0.2 | | | +-- json-schema@0.2.3 | | | `-- verror@1.3.6 | | `-- sshpk@1.13.1 | |   +-- asn1@0.2.3 | |   `-- getpass@0.1.7 | +-- is-typedarray@1.0.0 | +-- isstream@0.1.2 | +-- json-stringify-safe@5.0.1 | +-- mime-types@2.1.15 | | `-- mime-db@1.27.0 | +-- oauth-sign@0.8.2 | +-- performance-now@0.2.0 | +-- qs@6.4.0 | +-- safe-buffer@5.1.1 | +-- stringstream@0.0.5 | +-- tough-cookie@2.3.2 | `-- tunnel-agent@0.6.0 +-- require-from-string@1.2.1 +-- residence@0.0.205 +-- rimraf@2.6.1 | `-- glob@7.1.2 |   +-- fs.realpath@1.0.0 |   +-- inflight@1.0.6 |   +-- minimatch@3.0.4 |   | `-- brace-expansion@1.1.8 |   |   +-- balanced-match@1.0.0 |   |   `-- concat-map@0.0.1 |   `-- path-is-absolute@1.0.1 +-- rxjs@5.4.1 | `-- symbol-observable@1.0.4 +-- semver@5.3.0 +-- should@11.2.1 | +-- should-equal@1.0.1 | +-- should-format@3.0.3 | +-- should-type@1.4.0 | +-- should-type-adaptors@1.0.1 | `-- should-util@1.0.0 +-- siamese@2.0.4 +-- socket.io@2.0.3 | +-- engine.io@3.1.0 | | +-- accepts@1.3.3 | | | `-- negotiator@0.6.1 | | +-- base64id@1.0.0 | | +-- cookie@0.3.1 | | `-- engine.io-parser@2.1.1 | |   +-- after@0.8.2 | |   +-- arraybuffer.slice@0.0.6 | |   `-- blob@0.0.4 | +-- socket.io-adapter@1.1.0 | | `-- debug@2.3.3 | |   `-- ms@0.7.2 | `-- socket.io-parser@3.1.2 |   +-- has-binary2@1.0.2 |   | `-- isarray@2.0.1 |   `-- isarray@2.0.1 +-- socket.io-client@2.0.3 | +-- backo2@1.0.2 | +-- base64-arraybuffer@0.1.5 | +-- component-bind@1.0.0 | +-- component-emitter@1.2.1 | +-- engine.io-client@3.1.1 | | +-- component-inherit@0.0.3 | | +-- parsejson@0.0.3 | | +-- xmlhttprequest-ssl@1.5.3 | | `-- yeast@0.1.2 | +-- has-cors@1.1.0 | +-- indexof@0.0.1 | +-- object-component@0.0.3 | +-- parseqs@0.0.5 | | `-- better-assert@1.0.2 | |   `-- callsite@1.0.0 | +-- parseuri@0.0.5 | `-- to-array@0.1.4 +-- suman-browser-polyfills@0.0.1006 +-- suman-debug@0.0.110 +-- suman-events@0.0.110 | `-- suman-browser-polyfills@0.0.1002 +-- suman-utils@0.0.73111 +-- systemjs-builder@0.16.8 | +-- babel-core@6.25.0 | | +-- babel-code-frame@6.22.0 | | | +-- chalk@1.1.3 | | | | +-- ansi-styles@2.2.1 | | | | +-- has-ansi@2.0.0 | | | | `-- supports-color@2.0.0 | | | +-- esutils@2.0.2 | | | `-- js-tokens@3.0.1 | | +-- babel-generator@6.25.0 | | | +-- detect-indent@4.0.0 | | | | `-- repeating@2.0.1 | | | |   `-- is-finite@1.0.2 | | | +-- jsesc@1.3.0 | | | `-- trim-right@1.0.1 | | +-- babel-helpers@6.24.1 | | +-- babel-messages@6.23.0 | | +-- babel-register@6.24.1 | | | `-- home-or-tmp@2.0.0 | | |   +-- os-homedir@1.0.2 | | |   `-- os-tmpdir@1.0.2 | | +-- babel-template@6.25.0 | | +-- babel-traverse@6.25.0 | | | +-- globals@9.18.0 | | | `-- invariant@2.2.2 | | |   `-- loose-envify@1.3.1 | | +-- babel-types@6.25.0 | | | `-- to-fast-properties@1.0.3 | | +-- babylon@6.17.4 | | +-- convert-source-map@1.5.0 | | +-- private@0.1.7 | | `-- slash@1.0.0 | +-- babel-plugin-syntax-dynamic-import@6.18.0 | +-- babel-plugin-transform-amd-system-wrapper@0.3.7 | +-- babel-plugin-transform-cjs-system-wrapper@0.6.2 | +-- babel-plugin-transform-es2015-modules-systemjs@6.24.1 | | `-- babel-helper-hoist-variables@6.24.1 | +-- babel-plugin-transform-global-system-wrapper@0.3.4 | +-- babel-plugin-transform-system-register@0.0.1 | +-- data-uri-to-buffer@0.0.4 | +-- es6-template-strings@2.0.1 | | +-- es5-ext@0.10.23 | | | +-- es6-iterator@2.0.1 | | | `-- es6-symbol@3.1.1 | | `-- esniff@1.1.0 | |   `-- d@1.0.0 | +-- rollup@0.36.4 | | `-- source-map-support@0.4.15 | +-- source-map@0.5.6 | +-- systemjs@0.19.47 | | `-- when@3.7.8 | +-- traceur@0.0.105 | | +-- commander@2.9.0 | | | `-- graceful-readlink@1.0.1 | | +-- glob@5.0.15 | | +-- rsvp@3.5.0 | | +-- semver@4.3.6 | | `-- source-map-support@0.2.10 | |   `-- source-map@0.1.32 | |     `-- amdefine@1.0.1 | `-- uglify-js@2.8.29 |   `-- yargs@3.10.0 |     +-- camelcase@1.2.1 |     +-- cliui@2.1.0 |     | +-- center-align@0.1.3 |     | | +-- align-text@0.1.4 |     | | | +-- longest@1.0.1 |     | | | `-- repeat-string@1.6.1 |     | | `-- lazy-cache@1.0.4 |     | +-- right-align@0.1.3 |     | `-- wordwrap@0.0.2 |     `-- window-size@0.1.0 +-- tap-parser@5.4.0 | +-- events-to-array@1.1.2 | `-- js-yaml@3.8.4 |   +-- argparse@1.0.9 |   | `-- sprintf-js@1.0.3 |   `-- esprima@3.1.3 +-- tcp-ping@0.1.1 +-- tsc-multi-watch@0.0.1001 | `-- residence@0.0.203 +-- underscore@1.8.3 +-- uuid@3.1.0 +-- v8flags@2.1.1 | `-- user-home@1.1.1 +-- webpack@2.6.1 | +-- acorn@5.0.3 | +-- acorn-dynamic-import@2.0.2 | | `-- acorn@4.0.13 | +-- ajv@4.11.8 | | +-- co@4.6.0 | | `-- json-stable-stringify@1.0.1 | |   `-- jsonify@0.0.0 | +-- ajv-keywords@1.5.1 | +-- enhanced-resolve@3.1.0 | | `-- graceful-fs@4.1.11 | +-- interpret@1.0.3 | +-- json-loader@0.5.4 | +-- json5@0.5.1 | +-- loader-runner@2.3.0 | +-- memory-fs@0.4.1 | +-- supports-color@3.2.3 | | `-- has-flag@1.0.0 | +-- tapable@0.2.6 | +-- watchpack@1.3.1 | | `-- chokidar@1.7.0 | |   +-- anymatch@1.3.0 | |   | +-- arrify@1.0.1 | |   | `-- micromatch@2.3.11 | |   |   +-- arr-diff@2.0.0 | |   |   | `-- arr-flatten@1.0.3 | |   |   +-- array-unique@0.2.1 | |   |   +-- braces@1.8.5 | |   |   | +-- expand-range@1.8.2 | |   |   | | `-- fill-range@2.2.3 | |   |   | |   +-- is-number@2.1.0 | |   |   | |   +-- isobject@2.1.0 | |   |   | |   `-- randomatic@1.1.7 | |   |   | |     +-- is-number@3.0.0 | |   |   | |     | `-- kind-of@3.2.2 | |   |   | |     `-- kind-of@4.0.0 | |   |   | +-- preserve@0.2.0 | |   |   | `-- repeat-element@1.1.2 | |   |   +-- expand-brackets@0.1.5 | |   |   | `-- is-posix-bracket@0.1.1 | |   |   +-- extglob@0.3.2 | |   |   +-- filename-regex@2.0.1 | |   |   +-- kind-of@3.2.2 | |   |   | `-- is-buffer@1.1.5 | |   |   +-- normalize-path@2.1.1 | |   |   | `-- remove-trailing-separator@1.0.2 | |   |   +-- object.omit@2.0.1 | |   |   | +-- for-own@0.1.5 | |   |   | | `-- for-in@1.0.2 | |   |   | `-- is-extendable@0.1.1 | |   |   +-- parse-glob@3.0.4 | |   |   | +-- glob-base@0.3.0 | |   |   | `-- is-dotfile@1.0.3 | |   |   `-- regex-cache@0.4.3 | |   |     +-- is-equal-shallow@0.1.3 | |   |     `-- is-primitive@2.0.0 | |   +-- async-each@1.0.1 | |   +-- glob-parent@2.0.0 | |   +-- is-binary-path@1.0.1 | |   | `-- binary-extensions@1.8.0 | |   +-- is-glob@2.0.1 | |   | `-- is-extglob@1.0.0 | |   `-- readdirp@2.1.0 | |     `-- set-immediate-shim@1.0.1 | +-- webpack-sources@0.2.3 | | `-- source-list-map@1.1.2 | `-- yargs@6.6.0 |   +-- camelcase@3.0.0 |   +-- cliui@3.2.0 |   | `-- wrap-ansi@2.1.0 |   +-- decamelize@1.2.0 |   +-- get-caller-file@1.0.2 |   +-- os-locale@1.4.0 |   | `-- lcid@1.0.0 |   |   `-- invert-kv@1.0.0 |   +-- read-pkg-up@1.0.1 |   | `-- read-pkg@1.1.0 |   |   +-- load-json-file@1.1.0 |   |   | +-- parse-json@2.2.0 |   |   | | `-- error-ex@1.3.1 |   |   | |   `-- is-arrayish@0.2.1 |   |   | +-- pify@2.3.0 |   |   | `-- strip-bom@2.0.0 |   |   |   `-- is-utf8@0.2.1 |   |   +-- normalize-package-data@2.3.8 |   |   | +-- hosted-git-info@2.4.2 |   |   | +-- is-builtin-module@1.0.0 |   |   | `-- validate-npm-package-license@3.0.1 |   |   |   +-- spdx-correct@1.0.2 |   |   |   | `-- spdx-license-ids@1.2.2 |   |   |   `-- spdx-expression-parse@1.0.4 |   |   `-- path-type@1.1.0 |   +-- require-directory@2.1.1 |   +-- require-main-filename@1.0.1 |   +-- set-blocking@2.0.0 |   +-- string-width@1.0.2 |   | +-- code-point-at@1.1.0 |   | +-- is-fullwidth-code-point@1.0.0 |   | | `-- number-is-nan@1.0.1 |   | `-- strip-ansi@3.0.1 |   |   `-- ansi-regex@2.1.1 |   +-- which-module@1.0.0 |   +-- y18n@3.2.1 |   `-- yargs-parser@4.2.1 |     `-- camelcase@3.0.0 `-- websocket-stream@4.0.0   +-- duplexify@3.5.0   | +-- end-of-stream@1.0.0   | | `-- once@1.3.3   | `-- stream-shift@1.0.0   +-- inherits@2.0.3   +-- ws@2.3.1   | +-- safe-buffer@5.0.1   | `-- ultron@1.1.0   `-- xtend@4.0.1 npm info it worked if it ends with oknpm info using npm@3.10.10npm info using node@v6.10.2npm info build /home/newuser/.npmlinkup/test/suman/node_modules/suman-watchnpm info linkStuff suman-watch@0.0.1002/home/newuser/.npmlinkup/test/suman/node_modules/suman-watch -> /usr/local/lib/node_modules/suman-watch -> /home/newuser/.npmlinkup/test/suman-watchnpm info ok npm info it worked if it ends with oknpm info using npm@3.10.10npm info using node@v6.10.2npm info build /home/newuser/.npmlinkup/test/suman/node_modules/suman-utilsnpm info linkStuff suman-utils@0.0.73111/home/newuser/.npmlinkup/test/suman/node_modules/suman-utils -> /usr/local/lib/node_modules/suman-utils -> /home/newuser/.npmlinkup/test/suman-utilsnpm info ok npm info it worked if it ends with oknpm info using npm@3.10.10npm info using node@v6.10.2npm info attempt registry request try #1 at 11:05:45 AMnpm http request GET https://registry.npmjs.org/suman-watchnpm info attempt registry request try #1 at 11:05:45 AMnpm http request GET https://registry.npmjs.org/suman-utilsnpm http 304 https://registry.npmjs.org/suman-watchnpm http 304 https://registry.npmjs.org/suman-utilsnpm info addNameTag [ 'suman-utils', 'latest' ]npm info addNameTag [ 'suman-watch', 'latest' ]npm info attempt registry request try #1 at 11:05:46 AMnpm http request GET https://registry.npmjs.org/bcrypt-pbkdfnpm info attempt registry request try #1 at 11:05:46 AMnpm http request GET https://registry.npmjs.org/jsbnnpm info attempt registry request try #1 at 11:05:46 AMnpm http request GET https://registry.npmjs.org/tweetnaclnpm info attempt registry request try #1 at 11:05:46 AMnpm http request GET https://registry.npmjs.org/ecc-jsbnnpm http 304 https://registry.npmjs.org/bcrypt-pbkdfnpm http 304 https://registry.npmjs.org/jsbnnpm http 304 https://registry.npmjs.org/ecc-jsbnnpm http 304 https://registry.npmjs.org/tweetnaclnpm info attempt registry request try #1 at 11:05:46 AMnpm http request GET https://registry.npmjs.org/uwsnpm http 304 https://registry.npmjs.org/uwsnpm info attempt registry request try #1 at 11:05:46 AMnpm http request GET https://registry.npmjs.org/fseventsnpm http 304 https://registry.npmjs.org/fseventsnpm info attempt registry request try #1 at 11:05:47 AMnpm http request GET https://registry.npmjs.org/uglify-to-browserifynpm http 304 https://registry.npmjs.org/uglify-to-browserifynpm info lifecycle suman@1.1.512238~preinstall: suman@1.1.512238npm info lifecycle uglify-to-browserify@1.0.2~preinstall: uglify-to-browserify@1.0.2npm info lifecycle jsbn@0.1.1~preuninstall: jsbn@0.1.1npm info lifecycle jsbn@0.1.1~uninstall: jsbn@0.1.1npm info lifecycle jsbn@0.1.1~postuninstall: jsbn@0.1.1npm info lifecycle jsbn@0.1.1~preinstall: jsbn@0.1.1npm info lifecycle ecc-jsbn@0.1.1~preuninstall: ecc-jsbn@0.1.1npm info lifecycle ecc-jsbn@0.1.1~uninstall: ecc-jsbn@0.1.1npm info lifecycle ecc-jsbn@0.1.1~postuninstall: ecc-jsbn@0.1.1npm info lifecycle ecc-jsbn@0.1.1~preinstall: ecc-jsbn@0.1.1npm info lifecycle tweetnacl@0.14.5~preuninstall: tweetnacl@0.14.5npm info lifecycle tweetnacl@0.14.5~uninstall: tweetnacl@0.14.5npm info lifecycle tweetnacl@0.14.5~postuninstall: tweetnacl@0.14.5npm info lifecycle tweetnacl@0.14.5~preinstall: tweetnacl@0.14.5npm info lifecycle bcrypt-pbkdf@1.0.1~preuninstall: bcrypt-pbkdf@1.0.1npm info lifecycle bcrypt-pbkdf@1.0.1~uninstall: bcrypt-pbkdf@1.0.1npm info lifecycle bcrypt-pbkdf@1.0.1~postuninstall: bcrypt-pbkdf@1.0.1npm info lifecycle bcrypt-pbkdf@1.0.1~preinstall: bcrypt-pbkdf@1.0.1npm info lifecycle uws@0.14.5~preuninstall: uws@0.14.5npm info lifecycle uws@0.14.5~uninstall: uws@0.14.5npm info lifecycle uws@0.14.5~postuninstall: uws@0.14.5npm info lifecycle uws@0.14.5~preinstall: uws@0.14.5npm info linkStuff jsbn@0.1.1npm info linkStuff ecc-jsbn@0.1.1npm info linkStuff tweetnacl@0.14.5npm info linkStuff bcrypt-pbkdf@1.0.1npm info linkStuff uglify-to-browserify@1.0.2npm info linkStuff uws@0.14.5npm info lifecycle jsbn@0.1.1~install: jsbn@0.1.1npm info lifecycle ecc-jsbn@0.1.1~install: ecc-jsbn@0.1.1npm info lifecycle tweetnacl@0.14.5~install: tweetnacl@0.14.5npm info lifecycle bcrypt-pbkdf@1.0.1~install: bcrypt-pbkdf@1.0.1npm info lifecycle uglify-to-browserify@1.0.2~install: uglify-to-browserify@1.0.2npm info lifecycle uws@0.14.5~install: uws@0.14.5> uws@0.14.5 install /home/newuser/.npmlinkup/test/suman/node_modules/uws> node-gyp rebuild > build_log.txt 2>&1 || exit 0npm info lifecycle jsbn@0.1.1~postinstall: jsbn@0.1.1npm info lifecycle ecc-jsbn@0.1.1~postinstall: ecc-jsbn@0.1.1npm info lifecycle tweetnacl@0.14.5~postinstall: tweetnacl@0.14.5npm info lifecycle bcrypt-pbkdf@1.0.1~postinstall: bcrypt-pbkdf@1.0.1npm info lifecycle uglify-to-browserify@1.0.2~postinstall: uglify-to-browserify@1.0.2npm info lifecycle uws@0.14.5~postinstall: uws@0.14.5npm info linkStuff suman@1.1.512238npm info lifecycle suman@1.1.512238~install: suman@1.1.512238npm info lifecycle suman@1.1.512238~postinstall: suman@1.1.512238> suman@1.1.512238 postinstall /home/newuser/.npmlinkup/test/suman> ./scripts/suman-postinstall.shnpm info it worked if it ends with oknpm info using npm@3.10.10npm info using node@v6.10.2npm info ok  => Suman postinstall routine running in the foreground... => Suman postinstall script succeeded after 26.364 seconds. => Suman => all done with postinstall routine.  npm info lifecycle suman@1.1.512238~prepublish: suman@1.1.512238jsbn@0.1.1 node_modules/suman-utils/node_modules/jsbn -> node_modules/jsbnecc-jsbn@0.1.1 node_modules/suman-utils/node_modules/ecc-jsbn -> node_modules/ecc-jsbntweetnacl@0.14.5 node_modules/suman-utils/node_modules/tweetnacl -> node_modules/tweetnaclbcrypt-pbkdf@1.0.1 node_modules/suman-utils/node_modules/bcrypt-pbkdf -> node_modules/bcrypt-pbkdfuws@0.14.5 node_modules/suman-utils/node_modules/uws -> node_modules/uwssuman@1.1.512238 /home/newuser/.npmlinkup/test/suman`-- systemjs-builder@0.16.8  `-- uglify-js@2.8.29    `-- uglify-to-browserify@1.0.2 npm WARN optional SKIPPING OPTIONAL DEPENDENCY: fsevents@^1.0.0 (node_modules/chokidar/node_modules/fsevents):npm WARN notsup SKIPPING OPTIONAL DEPENDENCY: Unsupported platform for fsevents@1.1.2: wanted {"os":"darwin","arch":"any"} (current: {"os":"linux","arch":"x64"})npm info build /usr/local/lib/node_modules/sumannpm info linkStuff suman@1.1.512238/usr/local/bin/suman -> /usr/local/lib/node_modules/suman/cli/cli.sh/usr/local/bin/suman-d -> /usr/local/lib/node_modules/suman/cli/cli-d.sh/usr/local/bin/suman--debug -> /usr/local/lib/node_modules/suman/cli/cli--debug.sh/usr/local/bin/suman-debug -> /usr/local/lib/node_modules/suman/cli/cli-debug.sh/usr/local/bin/suman-babel -> /usr/local/lib/node_modules/suman/cli/cli-babel.sh/usr/local/bin/suman-inspect -> /usr/local/lib/node_modules/suman/cli/cli-inspect.sh/usr/local/bin/suman-troubleshoot -> /usr/local/lib/node_modules/suman/cli/cli-troubleshoot.js/usr/local/lib/node_modules/suman -> /home/newuser/.npmlinkup/test/sumannpm info ok npm info it worked if it ends with oknpm info using npm@3.10.10npm info using node@v6.10.2npm info build /home/newuser/.npmlinkup/test/suman/node_modules/sumannpm info linkStuff suman@1.1.512238/home/newuser/.npmlinkup/test/suman/node_modules/suman -> /usr/local/lib/node_modules/suman -> /home/newuser/.npmlinkup/test/sumannpm info ok  => [npm-link-up] =>  Dep with name "suman" is done.



 => Running this command for "suman" =>"cd /home/newuser/.npmlinkup/test/suman && npm link suman && cd /home/newuser/.npmlinkup/test/suman-watch && npm link suman".npm info it worked if it ends with oknpm info using npm@3.10.10npm info using node@v6.10.2npm info build /home/newuser/.npmlinkup/test/suman/node_modules/sumannpm info linkStuff suman@1.1.512238/home/newuser/.npmlinkup/test/suman/node_modules/suman -> /usr/local/lib/node_modules/suman -> /home/newuser/.npmlinkup/test/sumannpm info ok npm info it worked if it ends with oknpm info using npm@3.10.10npm info using node@v6.10.2npm info build /home/newuser/.npmlinkup/test/suman-watch/node_modules/sumannpm info linkStuff suman@1.1.512238/home/newuser/.npmlinkup/test/suman-watch/node_modules/suman -> /usr/local/lib/node_modules/suman -> /home/newuser/.npmlinkup/test/sumannpm info ok  => [npm-link-up] =>  Processing dep with name =>  suman-events
 => [npm-link-up] =>  Script is =>  cd /home/newuser/.npmlinkup/test/suman-events && rm -rf node_modules && npm install --no-optional --log-level=warn --silent && npm link


 >>> Beginning of "suman-events"... >>> Running script => "cd /home/newuser/.npmlinkup/test/suman-events && rm -rf node_modules && npm install --no-optional --log-level=warn --silent && npm link"...suman-events@0.0.110 /home/newuser/.npmlinkup/test/suman-events+-- @types/node@7.0.32 +-- colors@1.1.2 `-- suman-browser-polyfills@0.0.1002   `-- async@2.4.1     `-- lodash@4.17.4 npm info it worked if it ends with oknpm info using npm@3.10.10npm info using node@v6.10.2npm info lifecycle suman-events@0.0.110~preinstall: suman-events@0.0.110npm info linkStuff suman-events@0.0.110npm info lifecycle suman-events@0.0.110~install: suman-events@0.0.110npm info lifecycle suman-events@0.0.110~postinstall: suman-events@0.0.110npm info lifecycle suman-events@0.0.110~prepublish: suman-events@0.0.110npm info build /usr/local/lib/node_modules/suman-eventsnpm info linkStuff suman-events@0.0.110/usr/local/lib/node_modules/suman-events -> /home/newuser/.npmlinkup/test/suman-eventsnpm info ok  => [npm-link-up] =>  Dep with name "suman-events" is done.



 => Running this command for "suman-events" =>"cd /home/newuser/.npmlinkup/test/suman && npm link suman-events && cd /home/newuser/.npmlinkup/test/suman-watch && npm link suman-events".npm info it worked if it ends with oknpm info using npm@3.10.10npm info using node@v6.10.2npm info build /home/newuser/.npmlinkup/test/suman/node_modules/suman-eventsnpm info linkStuff suman-events@0.0.110/home/newuser/.npmlinkup/test/suman/node_modules/suman-events -> /usr/local/lib/node_modules/suman-events -> /home/newuser/.npmlinkup/test/suman-eventsnpm info ok npm info it worked if it ends with oknpm info using npm@3.10.10npm info using node@v6.10.2npm info build /home/newuser/.npmlinkup/test/suman-watch/node_modules/suman-eventsnpm info linkStuff suman-events@0.0.110/home/newuser/.npmlinkup/test/suman-watch/node_modules/suman-events -> /usr/local/lib/node_modules/suman-events -> /home/newuser/.npmlinkup/test/suman-eventsnpm info ok  => [npm-link-up] =>  Processing dep with name =>  pragmatik
 => [npm-link-up] =>  Map for key ="suman-browser-polyfills" is not defined.
 => [npm-link-up] =>  Script is =>  cd /home/newuser/.npmlinkup/test/pragmatik && rm -rf node_modules && npm install --no-optional --log-level=warn --silent && npm link && npm link pragmatik


 >>> Beginning of "pragmatik"... >>> Running script => "cd /home/newuser/.npmlinkup/test/pragmatik && rm -rf node_modules && npm install --no-optional --log-level=warn --silent && npm link && npm link pragmatik"...pragmatik@0.0.407 /home/newuser/.npmlinkup/test/pragmatik+-- @types/async@2.0.40 +-- @types/core-js@0.9.41 +-- @types/lodash@4.14.66 +-- @types/node@7.0.32 +-- debug@2.6.8 | `-- ms@2.0.0 +-- function-arguments@1.0.8 `-- node-check-fast@0.0.1008   +-- async@2.4.1   | `-- lodash@4.17.4   +-- dashdash@1.14.1   | `-- assert-plus@1.0.0   `-- lodash.flattendeep@4.4.0 npm info it worked if it ends with oknpm info using npm@3.10.10npm info using node@v6.10.2npm info lifecycle pragmatik@0.0.407~preinstall: pragmatik@0.0.407npm info linkStuff pragmatik@0.0.407npm info lifecycle pragmatik@0.0.407~install: pragmatik@0.0.407npm info lifecycle pragmatik@0.0.407~postinstall: pragmatik@0.0.407npm info lifecycle pragmatik@0.0.407~prepublish: pragmatik@0.0.407npm WARN pragmatik@0.0.407 No repository field.npm info build /usr/local/lib/node_modules/pragmatiknpm info linkStuff pragmatik@0.0.407/usr/local/lib/node_modules/pragmatik -> /home/newuser/.npmlinkup/test/pragmatiknpm info ok npm info it worked if it ends with oknpm info using npm@3.10.10npm info using node@v6.10.2npm info build /home/newuser/.npmlinkup/test/pragmatik/node_modules/pragmatiknpm info linkStuff pragmatik@0.0.407/home/newuser/.npmlinkup/test/pragmatik/node_modules/pragmatik -> /usr/local/lib/node_modules/pragmatik -> /home/newuser/.npmlinkup/test/pragmatiknpm info ok  => [npm-link-up] =>  Dep with name "pragmatik" is done.



 => Running this command for "pragmatik" =>"cd /home/newuser/.npmlinkup/test/suman && npm link pragmatik".npm info it worked if it ends with oknpm info using npm@3.10.10npm info using node@v6.10.2npm info build /home/newuser/.npmlinkup/test/suman/node_modules/pragmatiknpm info linkStuff pragmatik@0.0.407/home/newuser/.npmlinkup/test/suman/node_modules/pragmatik -> /usr/local/lib/node_modules/pragmatik -> /home/newuser/.npmlinkup/test/pragmatiknpm info ok  => [npm-link-up] =>  Processing dep with name =>  residence
 => [npm-link-up] =>  Script is =>  cd /home/newuser/.npmlinkup/test/residence && rm -rf node_modules && npm install --no-optional --log-level=warn --silent && npm link


 >>> Beginning of "residence"... >>> Running script => "cd /home/newuser/.npmlinkup/test/residence && rm -rf node_modules && npm install --no-optional --log-level=warn --silent && npm link"...residence@0.0.205 /home/newuser/.npmlinkup/test/residence`-- @types/node@8.0.2 npm info it worked if it ends with oknpm info using npm@3.10.10npm info using node@v6.10.2npm info lifecycle residence@0.0.205~preinstall: residence@0.0.205npm info linkStuff residence@0.0.205npm info lifecycle residence@0.0.205~install: residence@0.0.205npm info lifecycle residence@0.0.205~postinstall: residence@0.0.205npm info lifecycle residence@0.0.205~prepublish: residence@0.0.205npm info build /usr/local/lib/node_modules/residencenpm info linkStuff residence@0.0.205/usr/local/lib/node_modules/residence -> /home/newuser/.npmlinkup/test/residencenpm info ok  => [npm-link-up] =>  Dep with name "residence" is done.



 => Running this command for "residence" =>"cd /home/newuser/.npmlinkup/test/suman && npm link residence && cd /home/newuser/.npmlinkup/test/suman-watch && npm link residence".npm info it worked if it ends with oknpm info using npm@3.10.10npm info using node@v6.10.2npm info build /home/newuser/.npmlinkup/test/suman/node_modules/residencenpm info linkStuff residence@0.0.205/home/newuser/.npmlinkup/test/suman/node_modules/residence -> /usr/local/lib/node_modules/residence -> /home/newuser/.npmlinkup/test/residencenpm info ok npm info it worked if it ends with oknpm info using npm@3.10.10npm info using node@v6.10.2npm info build /home/newuser/.npmlinkup/test/suman-watch/node_modules/residencenpm info linkStuff residence@0.0.205/home/newuser/.npmlinkup/test/suman-watch/node_modules/residence -> /usr/local/lib/node_modules/residence -> /home/newuser/.npmlinkup/test/residencenpm info ok  => [npm-link-up] =>  no key named "suman-browser-polyfills" in map.
 => [npm-link-up] =>  no key named "suman-debug" in map.
 => [npm-link-up] =>  no key named "suman-browser-polyfills" in map.
 => [npm-link-up] =>  no key named "suman-d" in map.
 => [npm-link-up] =>  no key named "suman-debug" in map.
 => [npm-link-up] =>  no key named "suman-browser-polyfills" in map.
 => NPM-Link-Up run was successful. All done. => NPM-Link-Up run was successful. All done.


 => [npm-link-up] =>  NPM-Link-Up results as a visual:

└─ suman
   ├─ pragmatik
   │  └─ suman-browser-polyfills
   │     └─ suman-browser-polyfills
   ├─ residence
   ├─ suman-watch
   │  ├─ residence
   │  │  └─ residence
   │  ├─ suman-utils
   │  │  └─ suman-utils
   │  ├─ suman-events
   │  │  └─ suman-events
   │  ├─ suman-debug
   │  │  └─ suman-debug
   │  ├─ suman
   │  └─ suman-browser-polyfills
   │     └─ suman-browser-polyfills
   ├─ suman-d
   ├─ suman-utils
   ├─ suman-events
   ├─ suman-debug
   └─ suman-browser-polyfills



 => NPM-Link-Up is exiting with code =>  0 

npmlinkup done with code =>  0
 =>  Running stat on path =>  /home/newuser/.npmlinkup/test/suman/node_modules/pragmatik


	 ✘  => test fail   "is symlink"
	AssertionError: false == true
        at /home/newuser/npm-link-up/test/src/all.test.js:47:9



 =>  Running stat on path =>  /home/newuser/.npmlinkup/test/suman/node_modules/residence


	 ✘  => test fail   "is symlink"
	AssertionError: false == true
        at /home/newuser/npm-link-up/test/src/all.test.js:47:9



 =>  Running stat on path =>  /home/newuser/.npmlinkup/test/suman/node_modules/suman-watch


	 ✘  => test fail   "is symlink"
	AssertionError: false == true
        at /home/newuser/npm-link-up/test/src/all.test.js:47:9



 =>  Running stat on path =>  /home/newuser/.npmlinkup/test/suman/node_modules/suman-d


	 ✘  => test fail   "is symlink"
	Error: ENOENT: no such file or directory, stat '/home/newuser/.npmlinkup/test/suman/node_modules/suman-d'



 =>  Running stat on path =>  /home/newuser/.npmlinkup/test/suman/node_modules/suman-utils


	 ✘  => test fail   "is symlink"
	AssertionError: false == true
        at /home/newuser/npm-link-up/test/src/all.test.js:47:9



 =>  Running stat on path =>  /home/newuser/.npmlinkup/test/suman/node_modules/suman-events


	 ✘  => test fail   "is symlink"
	AssertionError: false == true
        at /home/newuser/npm-link-up/test/src/all.test.js:47:9



 =>  Running stat on path =>  /home/newuser/.npmlinkup/test/suman/node_modules/suman-debug


	 ✘  => test fail   "is symlink"
	AssertionError: false == true
        at /home/newuser/npm-link-up/test/src/all.test.js:47:9



 =>  Running stat on path =>  /home/newuser/.npmlinkup/test/suman/node_modules/suman-browser-polyfills


	 ✘  => test fail   "is symlink"
	AssertionError: false == true
        at /home/newuser/npm-link-up/test/src/all.test.js:47:9






	.------------------------------------------------------------------------------------------.
	|                            Results for: /test/src/all.test.js                            |
	|------------------------------------------------------------------------------------------|
	|            Metric             |       Value       |               Comments               |
	|-------------------------------|-------------------|--------------------------------------|
	| Status                        | Ran to completion |                                      |
	| Num. of Unskipped Test Blocks |                 1 |                                      |
	| Test blocks skipped           |                 - |                                      |
	| Hooks skipped                 |        At least 1 |                                    - |
	| Hooks stubbed                 |                 - |                                    - |
	| --------------------------    |               --- |                                    - |
	| Tests skipped                 |                 - |                                      |
	| Tests stubbed                 |                 - |                                      |
	| Tests passed                  |                 - |                                      |
	| Tests failed                  |                 8 |                                      |
	| Tests total                   |                 8 |                                      |
	| --------------------------    |               --- |                                    - |
	| Passing rate                  |             0.00% |                                      |
	| Actual time millis (delta)    |            226127 |                                    - |
	| Actual time seconds (delta)   |          226.1270 |                                    - |
	| Total time millis (delta)     |            230122 |                                    - |
	| Total time seconds (delta)    |          230.1220 |                                    - |
	'------------------------------------------------------------------------------------------'




 => Suman test is exiting with code 56   => see http://sumanjs.org/exit-codes.html


